<?xml version="1.0" encoding="UTF-8"?>
<!-- Generated by org.testng.reporters.JUnitXMLReporter -->
<testsuite ignored="4" hostname="DESKTOP-76PLB9N" failures="3" tests="3" name="Test" time="97.33" errors="0" timestamp="2025-06-18T12:41:23 IST">
  <testcase classname="Base.ProjectSpecificationMethods" name="@AfterMethod BrowserClose" time="0.125">
    <failure type="java.lang.StackOverflowError">
      <![CDATA[java.lang.StackOverflowError
at Base.ProjectSpecificationMethods.BrowserClose(ProjectSpecificationMethods.java:25)
at Base.ProjectSpecificationMethods.BrowserClose(ProjectSpecificationMethods.java:25)
at Base.ProjectSpecificationMethods.BrowserClose(ProjectSpecificationMethods.java:25)
at Base.ProjectSpecificationMethods.BrowserClose(ProjectSpecificationMethods.java:25)
at Base.ProjectSpecificationMethods.BrowserClose(ProjectSpecificationMethods.java:25)
at Base.ProjectSpecificationMethods.BrowserClose(ProjectSpecificationMethods.java:25)
at Base.ProjectSpecificationMethods.BrowserClose(ProjectSpecificationMethods.java:25)
at Base.ProjectSpecificationMethods.BrowserClose(ProjectSpecificationMethods.java:25)
at Base.ProjectSpecificationMethods.BrowserClose(ProjectSpecificationMethods.java:25)
at Base.ProjectSpecificationMethods.BrowserClose(ProjectSpecificationMethods.java:25)
at Base.ProjectSpecificationMethods.BrowserClose(ProjectSpecificationMethods.java:25)
at Base.ProjectSpecificationMethods.BrowserClose(ProjectSpecificationMethods.java:25)
at Base.ProjectSpecificationMethods.BrowserClose(ProjectSpecificationMethods.java:25)
at Base.ProjectSpecificationMethods.BrowserClose(ProjectSpecificationMethods.java:25)
at Base.ProjectSpecificationMethods.BrowserClose(ProjectSpecificationMethods.java:25)
at Base.ProjectSpecificationMethods.BrowserClose(ProjectSpecificationMethods.java:25)
at Base.ProjectSpecificationMethods.BrowserClose(ProjectSpecificationMethods.java:25)
at Base.ProjectSpecificationMethods.BrowserClose(ProjectSpecificationMethods.java:25)
at Base.ProjectSpecificationMethods.BrowserClose(ProjectSpecificationMethods.java:25)
at Base.ProjectSpecificationMethods.BrowserClose(ProjectSpecificationMethods.java:25)
at Base.ProjectSpecificationMethods.BrowserClose(ProjectSpecificationMethods.java:25)
at Base.ProjectSpecificationMethods.BrowserClose(ProjectSpecificationMethods.java:25)
at Base.ProjectSpecificationMethods.BrowserClose(ProjectSpecificationMethods.java:25)
at Base.ProjectSpecificationMethods.BrowserClose(ProjectSpecificationMethods.java:25)
at Base.ProjectSpecificationMethods.BrowserClose(ProjectSpecificationMethods.java:25)
at Base.ProjectSpecificationMethods.BrowserClose(ProjectSpecificationMethods.java:25)
at Base.ProjectSpecificationMethods.BrowserClose(ProjectSpecificationMethods.java:25)
at Base.ProjectSpecificationMethods.BrowserClose(ProjectSpecificationMethods.java:25)
at Base.ProjectSpecificationMethods.BrowserClose(ProjectSpecificationMethods.java:25)
at Base.ProjectSpecificationMethods.BrowserClose(ProjectSpecificationMethods.java:25)
at Base.ProjectSpecificationMethods.BrowserClose(ProjectSpecificationMethods.java:25)
at Base.ProjectSpecificationMethods.BrowserClose(ProjectSpecificationMethods.java:25)
at Base.ProjectSpecificationMethods.BrowserClose(ProjectSpecificationMethods.java:25)
at Base.ProjectSpecificationMethods.BrowserClose(ProjectSpecificationMethods.java:25)
at Base.ProjectSpecificationMethods.BrowserClose(ProjectSpecificationMethods.java:25)
at Base.ProjectSpecificationMethods.BrowserClose(ProjectSpecificationMethods.java:25)
at Base.ProjectSpecificationMethods.BrowserClose(ProjectSpecificationMethods.java:25)
at Base.ProjectSpecificationMethods.BrowserClose(ProjectSpecificationMethods.java:25)
at Base.ProjectSpecificationMethods.BrowserClose(ProjectSpecificationMethods.java:25)
at Base.ProjectSpecificationMethods.BrowserClose(ProjectSpecificationMethods.java:25)
at Base.ProjectSpecificationMethods.BrowserClose(ProjectSpecificationMethods.java:25)
at Base.ProjectSpecificationMethods.BrowserClose(ProjectSpecificationMethods.java:25)
at Base.ProjectSpecificationMethods.BrowserClose(ProjectSpecificationMethods.java:25)
at Base.ProjectSpecificationMethods.BrowserClose(ProjectSpecificationMethods.java:25)
at Base.ProjectSpecificationMethods.BrowserClose(ProjectSpecificationMethods.java:25)
at Base.ProjectSpecificationMethods.BrowserClose(ProjectSpecificationMethods.java:25)
at Base.ProjectSpecificationMethods.BrowserClose(ProjectSpecificationMethods.java:25)
at Base.ProjectSpecificationMethods.BrowserClose(ProjectSpecificationMethods.java:25)
at Base.ProjectSpecificationMethods.BrowserClose(ProjectSpecificationMethods.java:25)
at Base.ProjectSpecificationMethods.BrowserClose(ProjectSpecificationMethods.java:25)
at Base.ProjectSpecificationMethods.BrowserClose(ProjectSpecificationMethods.java:25)
at Base.ProjectSpecificationMethods.BrowserClose(ProjectSpecificationMethods.java:25)
at Base.ProjectSpecificationMethods.BrowserClose(ProjectSpecificationMethods.java:25)
at Base.ProjectSpecificationMethods.BrowserClose(ProjectSpecificationMethods.java:25)
at Base.ProjectSpecificationMethods.BrowserClose(ProjectSpecificationMethods.java:25)
at Base.ProjectSpecificationMethods.BrowserClose(ProjectSpecificationMethods.java:25)
at Base.ProjectSpecificationMethods.BrowserClose(ProjectSpecificationMethods.java:25)
at Base.ProjectSpecificationMethods.BrowserClose(ProjectSpecificationMethods.java:25)
at Base.ProjectSpecificationMethods.BrowserClose(ProjectSpecificationMethods.java:25)
at Base.ProjectSpecificationMethods.BrowserClose(ProjectSpecificationMethods.java:25)
at Base.ProjectSpecificationMethods.BrowserClose(ProjectSpecificationMethods.java:25)
at Base.ProjectSpecificationMethods.BrowserClose(ProjectSpecificationMethods.java:25)
at Base.ProjectSpecificationMethods.BrowserClose(ProjectSpecificationMethods.java:25)
at Base.ProjectSpecificationMethods.BrowserClose(ProjectSpecificationMethods.java:25)
at Base.ProjectSpecificationMethods.BrowserClose(ProjectSpecificationMethods.java:25)
at Base.ProjectSpecificationMethods.BrowserClose(ProjectSpecificationMethods.java:25)
at Base.ProjectSpecificationMethods.BrowserClose(ProjectSpecificationMethods.java:25)
at Base.ProjectSpecificationMethods.BrowserClose(ProjectSpecificationMethods.java:25)
at Base.ProjectSpecificationMethods.BrowserClose(ProjectSpecificationMethods.java:25)
at Base.ProjectSpecificationMethods.BrowserClose(ProjectSpecificationMethods.java:25)
at Base.ProjectSpecificationMethods.BrowserClose(ProjectSpecificationMethods.java:25)
at Base.ProjectSpecificationMethods.BrowserClose(ProjectSpecificationMethods.java:25)
at Base.ProjectSpecificationMethods.BrowserClose(ProjectSpecificationMethods.java:25)
at Base.ProjectSpecificationMethods.BrowserClose(ProjectSpecificationMethods.java:25)
at Base.ProjectSpecificationMethods.BrowserClose(ProjectSpecificationMethods.java:25)
at Base.ProjectSpecificationMethods.BrowserClose(ProjectSpecificationMethods.java:25)
at Base.ProjectSpecificationMethods.BrowserClose(ProjectSpecificationMethods.java:25)
at Base.ProjectSpecificationMethods.BrowserClose(ProjectSpecificationMethods.java:25)
at Base.ProjectSpecificationMethods.BrowserClose(ProjectSpecificationMethods.java:25)
at Base.ProjectSpecificationMethods.BrowserClose(ProjectSpecificationMethods.java:25)
at Base.ProjectSpecificationMethods.BrowserClose(ProjectSpecificationMethods.java:25)
at Base.ProjectSpecificationMethods.BrowserClose(ProjectSpecificationMethods.java:25)
at Base.ProjectSpecificationMethods.BrowserClose(ProjectSpecificationMethods.java:25)
at Base.ProjectSpecificationMethods.BrowserClose(ProjectSpecificationMethods.java:25)
at Base.ProjectSpecificationMethods.BrowserClose(ProjectSpecificationMethods.java:25)
at Base.ProjectSpecificationMethods.BrowserClose(ProjectSpecificationMethods.java:25)
at Base.ProjectSpecificationMethods.BrowserClose(ProjectSpecificationMethods.java:25)
at Base.ProjectSpecificationMethods.BrowserClose(ProjectSpecificationMethods.java:25)
at Base.ProjectSpecificationMethods.BrowserClose(ProjectSpecificationMethods.java:25)
at Base.ProjectSpecificationMethods.BrowserClose(ProjectSpecificationMethods.java:25)
at Base.ProjectSpecificationMethods.BrowserClose(ProjectSpecificationMethods.java:25)
at Base.ProjectSpecificationMethods.BrowserClose(ProjectSpecificationMethods.java:25)
at Base.ProjectSpecificationMethods.BrowserClose(ProjectSpecificationMethods.java:25)
at Base.ProjectSpecificationMethods.BrowserClose(ProjectSpecificationMethods.java:25)
at Base.ProjectSpecificationMethods.BrowserClose(ProjectSpecificationMethods.java:25)
at Base.ProjectSpecificationMethods.BrowserClose(ProjectSpecificationMethods.java:25)
at Base.ProjectSpecificationMethods.BrowserClose(ProjectSpecificationMethods.java:25)
at Base.ProjectSpecificationMethods.BrowserClose(ProjectSpecificationMethods.java:25)
at Base.ProjectSpecificationMethods.BrowserClose(ProjectSpecificationMethods.java:25)
at Base.ProjectSpecificationMethods.BrowserClose(ProjectSpecificationMethods.java:25)
at Base.ProjectSpecificationMethods.BrowserClose(ProjectSpecificationMethods.java:25)
at Base.ProjectSpecificationMethods.BrowserClose(ProjectSpecificationMethods.java:25)
at Base.ProjectSpecificationMethods.BrowserClose(ProjectSpecificationMethods.java:25)
at Base.ProjectSpecificationMethods.BrowserClose(ProjectSpecificationMethods.java:25)
at Base.ProjectSpecificationMethods.BrowserClose(ProjectSpecificationMethods.java:25)
at Base.ProjectSpecificationMethods.BrowserClose(ProjectSpecificationMethods.java:25)
at Base.ProjectSpecificationMethods.BrowserClose(ProjectSpecificationMethods.java:25)
at Base.ProjectSpecificationMethods.BrowserClose(ProjectSpecificationMethods.java:25)
at Base.ProjectSpecificationMethods.BrowserClose(ProjectSpecificationMethods.java:25)
at Base.ProjectSpecificationMethods.BrowserClose(ProjectSpecificationMethods.java:25)
at Base.ProjectSpecificationMethods.BrowserClose(ProjectSpecificationMethods.java:25)
at Base.ProjectSpecificationMethods.BrowserClose(ProjectSpecificationMethods.java:25)
at Base.ProjectSpecificationMethods.BrowserClose(ProjectSpecificationMethods.java:25)
at Base.ProjectSpecificationMethods.BrowserClose(ProjectSpecificationMethods.java:25)
at Base.ProjectSpecificationMethods.BrowserClose(ProjectSpecificationMethods.java:25)
at Base.ProjectSpecificationMethods.BrowserClose(ProjectSpecificationMethods.java:25)
at Base.ProjectSpecificationMethods.BrowserClose(ProjectSpecificationMethods.java:25)
at Base.ProjectSpecificationMethods.BrowserClose(ProjectSpecificationMethods.java:25)
at Base.ProjectSpecificationMethods.BrowserClose(ProjectSpecificationMethods.java:25)
at Base.ProjectSpecificationMethods.BrowserClose(ProjectSpecificationMethods.java:25)
at Base.ProjectSpecificationMethods.BrowserClose(ProjectSpecificationMethods.java:25)
at Base.ProjectSpecificationMethods.BrowserClose(ProjectSpecificationMethods.java:25)
at Base.ProjectSpecificationMethods.BrowserClose(ProjectSpecificationMethods.java:25)
at Base.ProjectSpecificationMethods.BrowserClose(ProjectSpecificationMethods.java:25)
at Base.ProjectSpecificationMethods.BrowserClose(ProjectSpecificationMethods.java:25)
at Base.ProjectSpecificationMethods.BrowserClose(ProjectSpecificationMethods.java:25)
at Base.ProjectSpecificationMethods.BrowserClose(ProjectSpecificationMethods.java:25)
at Base.ProjectSpecificationMethods.BrowserClose(ProjectSpecificationMethods.java:25)
at Base.ProjectSpecificationMethods.BrowserClose(ProjectSpecificationMethods.java:25)
at Base.ProjectSpecificationMethods.BrowserClose(ProjectSpecificationMethods.java:25)
at Base.ProjectSpecificationMethods.BrowserClose(ProjectSpecificationMethods.java:25)
at Base.ProjectSpecificationMethods.BrowserClose(ProjectSpecificationMethods.java:25)
at Base.ProjectSpecificationMethods.BrowserClose(ProjectSpecificationMethods.java:25)
at Base.ProjectSpecificationMethods.BrowserClose(ProjectSpecificationMethods.java:25)
at Base.ProjectSpecificationMethods.BrowserClose(ProjectSpecificationMethods.java:25)
at Base.ProjectSpecificationMethods.BrowserClose(ProjectSpecificationMethods.java:25)
at Base.ProjectSpecificationMethods.BrowserClose(ProjectSpecificationMethods.java:25)
at Base.ProjectSpecificationMethods.BrowserClose(ProjectSpecificationMethods.java:25)
at Base.ProjectSpecificationMethods.BrowserClose(ProjectSpecificationMethods.java:25)
at Base.ProjectSpecificationMethods.BrowserClose(ProjectSpecificationMethods.java:25)
at Base.ProjectSpecificationMethods.BrowserClose(ProjectSpecificationMethods.java:25)
at Base.ProjectSpecificationMethods.BrowserClose(ProjectSpecificationMethods.java:25)
at Base.ProjectSpecificationMethods.BrowserClose(ProjectSpecificationMethods.java:25)
at Base.ProjectSpecificationMethods.BrowserClose(ProjectSpecificationMethods.java:25)
at Base.ProjectSpecificationMethods.BrowserClose(ProjectSpecificationMethods.java:25)
at Base.ProjectSpecificationMethods.BrowserClose(ProjectSpecificationMethods.java:25)
at Base.ProjectSpecificationMethods.BrowserClose(ProjectSpecificationMethods.java:25)
at Base.ProjectSpecificationMethods.BrowserClose(ProjectSpecificationMethods.java:25)
at Base.ProjectSpecificationMethods.BrowserClose(ProjectSpecificationMethods.java:25)
at Base.ProjectSpecificationMethods.BrowserClose(ProjectSpecificationMethods.java:25)
at Base.ProjectSpecificationMethods.BrowserClose(ProjectSpecificationMethods.java:25)
at Base.ProjectSpecificationMethods.BrowserClose(ProjectSpecificationMethods.java:25)
at Base.ProjectSpecificationMethods.BrowserClose(ProjectSpecificationMethods.java:25)
at Base.ProjectSpecificationMethods.BrowserClose(ProjectSpecificationMethods.java:25)
at Base.ProjectSpecificationMethods.BrowserClose(ProjectSpecificationMethods.java:25)
at Base.ProjectSpecificationMethods.BrowserClose(ProjectSpecificationMethods.java:25)
at Base.ProjectSpecificationMethods.BrowserClose(ProjectSpecificationMethods.java:25)
at Base.ProjectSpecificationMethods.BrowserClose(ProjectSpecificationMethods.java:25)
at Base.ProjectSpecificationMethods.BrowserClose(ProjectSpecificationMethods.java:25)
at Base.ProjectSpecificationMethods.BrowserClose(ProjectSpecificationMethods.java:25)
at Base.ProjectSpecificationMethods.BrowserClose(ProjectSpecificationMethods.java:25)
at Base.ProjectSpecificationMethods.BrowserClose(ProjectSpecificationMethods.java:25)
at Base.ProjectSpecificationMethods.BrowserClose(ProjectSpecificationMethods.java:25)
at Base.ProjectSpecificationMethods.BrowserClose(ProjectSpecificationMethods.java:25)
at Base.ProjectSpecificationMethods.BrowserClose(ProjectSpecificationMethods.java:25)
at Base.ProjectSpecificationMethods.BrowserClose(ProjectSpecificationMethods.java:25)
at Base.ProjectSpecificationMethods.BrowserClose(ProjectSpecificationMethods.java:25)
at Base.ProjectSpecificationMethods.BrowserClose(ProjectSpecificationMethods.java:25)
at Base.ProjectSpecificationMethods.BrowserClose(ProjectSpecificationMethods.java:25)
at Base.ProjectSpecificationMethods.BrowserClose(ProjectSpecificationMethods.java:25)
at Base.ProjectSpecificationMethods.BrowserClose(ProjectSpecificationMethods.java:25)
at Base.ProjectSpecificationMethods.BrowserClose(ProjectSpecificationMethods.java:25)
at Base.ProjectSpecificationMethods.BrowserClose(ProjectSpecificationMethods.java:25)
at Base.ProjectSpecificationMethods.BrowserClose(ProjectSpecificationMethods.java:25)
at Base.ProjectSpecificationMethods.BrowserClose(ProjectSpecificationMethods.java:25)
at Base.ProjectSpecificationMethods.BrowserClose(ProjectSpecificationMethods.java:25)
at Base.ProjectSpecificationMethods.BrowserClose(ProjectSpecificationMethods.java:25)
at Base.ProjectSpecificationMethods.BrowserClose(ProjectSpecificationMethods.java:25)
at Base.ProjectSpecificationMethods.BrowserClose(ProjectSpecificationMethods.java:25)
at Base.ProjectSpecificationMethods.BrowserClose(ProjectSpecificationMethods.java:25)
at Base.ProjectSpecificationMethods.BrowserClose(ProjectSpecificationMethods.java:25)
at Base.ProjectSpecificationMethods.BrowserClose(ProjectSpecificationMethods.java:25)
at Base.ProjectSpecificationMethods.BrowserClose(ProjectSpecificationMethods.java:25)
at Base.ProjectSpecificationMethods.BrowserClose(ProjectSpecificationMethods.java:25)
at Base.ProjectSpecificationMethods.BrowserClose(ProjectSpecificationMethods.java:25)
at Base.ProjectSpecificationMethods.BrowserClose(ProjectSpecificationMethods.java:25)
at Base.ProjectSpecificationMethods.BrowserClose(ProjectSpecificationMethods.java:25)
at Base.ProjectSpecificationMethods.BrowserClose(ProjectSpecificationMethods.java:25)
at Base.ProjectSpecificationMethods.BrowserClose(ProjectSpecificationMethods.java:25)
at Base.ProjectSpecificationMethods.BrowserClose(ProjectSpecificationMethods.java:25)
at Base.ProjectSpecificationMethods.BrowserClose(ProjectSpecificationMethods.java:25)
at Base.ProjectSpecificationMethods.BrowserClose(ProjectSpecificationMethods.java:25)
at Base.ProjectSpecificationMethods.BrowserClose(ProjectSpecificationMethods.java:25)
at Base.ProjectSpecificationMethods.BrowserClose(ProjectSpecificationMethods.java:25)
at Base.ProjectSpecificationMethods.BrowserClose(ProjectSpecificationMethods.java:25)
at Base.ProjectSpecificationMethods.BrowserClose(ProjectSpecificationMethods.java:25)
at Base.ProjectSpecificationMethods.BrowserClose(ProjectSpecificationMethods.java:25)
at Base.ProjectSpecificationMethods.BrowserClose(ProjectSpecificationMethods.java:25)
at Base.ProjectSpecificationMethods.BrowserClose(ProjectSpecificationMethods.java:25)
at Base.ProjectSpecificationMethods.BrowserClose(ProjectSpecificationMethods.java:25)
at Base.ProjectSpecificationMethods.BrowserClose(ProjectSpecificationMethods.java:25)
at Base.ProjectSpecificationMethods.BrowserClose(ProjectSpecificationMethods.java:25)
at Base.ProjectSpecificationMethods.BrowserClose(ProjectSpecificationMethods.java:25)
at Base.ProjectSpecificationMethods.BrowserClose(ProjectSpecificationMethods.java:25)
at Base.ProjectSpecificationMethods.BrowserClose(ProjectSpecificationMethods.java:25)
at Base.ProjectSpecificationMethods.BrowserClose(ProjectSpecificationMethods.java:25)
at Base.ProjectSpecificationMethods.BrowserClose(ProjectSpecificationMethods.java:25)
at Base.ProjectSpecificationMethods.BrowserClose(ProjectSpecificationMethods.java:25)
at Base.ProjectSpecificationMethods.BrowserClose(ProjectSpecificationMethods.java:25)
at Base.ProjectSpecificationMethods.BrowserClose(ProjectSpecificationMethods.java:25)
at Base.ProjectSpecificationMethods.BrowserClose(ProjectSpecificationMethods.java:25)
at Base.ProjectSpecificationMethods.BrowserClose(ProjectSpecificationMethods.java:25)
at Base.ProjectSpecificationMethods.BrowserClose(ProjectSpecificationMethods.java:25)
at Base.ProjectSpecificationMethods.BrowserClose(ProjectSpecificationMethods.java:25)
at Base.ProjectSpecificationMethods.BrowserClose(ProjectSpecificationMethods.java:25)
at Base.ProjectSpecificationMethods.BrowserClose(ProjectSpecificationMethods.java:25)
at Base.ProjectSpecificationMethods.BrowserClose(ProjectSpecificationMethods.java:25)
at Base.ProjectSpecificationMethods.BrowserClose(ProjectSpecificationMethods.java:25)
at Base.ProjectSpecificationMethods.BrowserClose(ProjectSpecificationMethods.java:25)
at Base.ProjectSpecificationMethods.BrowserClose(ProjectSpecificationMethods.java:25)
at Base.ProjectSpecificationMethods.BrowserClose(ProjectSpecificationMethods.java:25)
at Base.ProjectSpecificationMethods.BrowserClose(ProjectSpecificationMethods.java:25)
at Base.ProjectSpecificationMethods.BrowserClose(ProjectSpecificationMethods.java:25)
at Base.ProjectSpecificationMethods.BrowserClose(ProjectSpecificationMethods.java:25)
at Base.ProjectSpecificationMethods.BrowserClose(ProjectSpecificationMethods.java:25)
at Base.ProjectSpecificationMethods.BrowserClose(ProjectSpecificationMethods.java:25)
at Base.ProjectSpecificationMethods.BrowserClose(ProjectSpecificationMethods.java:25)
at Base.ProjectSpecificationMethods.BrowserClose(ProjectSpecificationMethods.java:25)
at Base.ProjectSpecificationMethods.BrowserClose(ProjectSpecificationMethods.java:25)
at Base.ProjectSpecificationMethods.BrowserClose(ProjectSpecificationMethods.java:25)
at Base.ProjectSpecificationMethods.BrowserClose(ProjectSpecificationMethods.java:25)
at Base.ProjectSpecificationMethods.BrowserClose(ProjectSpecificationMethods.java:25)
at Base.ProjectSpecificationMethods.BrowserClose(ProjectSpecificationMethods.java:25)
at Base.ProjectSpecificationMethods.BrowserClose(ProjectSpecificationMethods.java:25)
at Base.ProjectSpecificationMethods.BrowserClose(ProjectSpecificationMethods.java:25)
at Base.ProjectSpecificationMethods.BrowserClose(ProjectSpecificationMethods.java:25)
at Base.ProjectSpecificationMethods.BrowserClose(ProjectSpecificationMethods.java:25)
at Base.ProjectSpecificationMethods.BrowserClose(ProjectSpecificationMethods.java:25)
at Base.ProjectSpecificationMethods.BrowserClose(ProjectSpecificationMethods.java:25)
at Base.ProjectSpecificationMethods.BrowserClose(ProjectSpecificationMethods.java:25)
at Base.ProjectSpecificationMethods.BrowserClose(ProjectSpecificationMethods.java:25)
at Base.ProjectSpecificationMethods.BrowserClose(ProjectSpecificationMethods.java:25)
at Base.ProjectSpecificationMethods.BrowserClose(ProjectSpecificationMethods.java:25)
at Base.ProjectSpecificationMethods.BrowserClose(ProjectSpecificationMethods.java:25)
at Base.ProjectSpecificationMethods.BrowserClose(ProjectSpecificationMethods.java:25)
at Base.ProjectSpecificationMethods.BrowserClose(ProjectSpecificationMethods.java:25)
at Base.ProjectSpecificationMethods.BrowserClose(ProjectSpecificationMethods.java:25)
at Base.ProjectSpecificationMethods.BrowserClose(ProjectSpecificationMethods.java:25)
at Base.ProjectSpecificationMethods.BrowserClose(ProjectSpecificationMethods.java:25)
at Base.ProjectSpecificationMethods.BrowserClose(ProjectSpecificationMethods.java:25)
at Base.ProjectSpecificationMethods.BrowserClose(ProjectSpecificationMethods.java:25)
at Base.ProjectSpecificationMethods.BrowserClose(ProjectSpecificationMethods.java:25)
at Base.ProjectSpecificationMethods.BrowserClose(ProjectSpecificationMethods.java:25)
at Base.ProjectSpecificationMethods.BrowserClose(ProjectSpecificationMethods.java:25)
at Base.ProjectSpecificationMethods.BrowserClose(ProjectSpecificationMethods.java:25)
at Base.ProjectSpecificationMethods.BrowserClose(ProjectSpecificationMethods.java:25)
at Base.ProjectSpecificationMethods.BrowserClose(ProjectSpecificationMethods.java:25)
at Base.ProjectSpecificationMethods.BrowserClose(ProjectSpecificationMethods.java:25)
at Base.ProjectSpecificationMethods.BrowserClose(ProjectSpecificationMethods.java:25)
at Base.ProjectSpecificationMethods.BrowserClose(ProjectSpecificationMethods.java:25)
at Base.ProjectSpecificationMethods.BrowserClose(ProjectSpecificationMethods.java:25)
at Base.ProjectSpecificationMethods.BrowserClose(ProjectSpecificationMethods.java:25)
at Base.ProjectSpecificationMethods.BrowserClose(ProjectSpecificationMethods.java:25)
at Base.ProjectSpecificationMethods.BrowserClose(ProjectSpecificationMethods.java:25)
at Base.ProjectSpecificationMethods.BrowserClose(ProjectSpecificationMethods.java:25)
at Base.ProjectSpecificationMethods.BrowserClose(ProjectSpecificationMethods.java:25)
at Base.ProjectSpecificationMethods.BrowserClose(ProjectSpecificationMethods.java:25)
at Base.ProjectSpecificationMethods.BrowserClose(ProjectSpecificationMethods.java:25)
at Base.ProjectSpecificationMethods.BrowserClose(ProjectSpecificationMethods.java:25)
at Base.ProjectSpecificationMethods.BrowserClose(ProjectSpecificationMethods.java:25)
at Base.ProjectSpecificationMethods.BrowserClose(ProjectSpecificationMethods.java:25)
at Base.ProjectSpecificationMethods.BrowserClose(ProjectSpecificationMethods.java:25)
at Base.ProjectSpecificationMethods.BrowserClose(ProjectSpecificationMethods.java:25)
at Base.ProjectSpecificationMethods.BrowserClose(ProjectSpecificationMethods.java:25)
at Base.ProjectSpecificationMethods.BrowserClose(ProjectSpecificationMethods.java:25)
at Base.ProjectSpecificationMethods.BrowserClose(ProjectSpecificationMethods.java:25)
at Base.ProjectSpecificationMethods.BrowserClose(ProjectSpecificationMethods.java:25)
at Base.ProjectSpecificationMethods.BrowserClose(ProjectSpecificationMethods.java:25)
at Base.ProjectSpecificationMethods.BrowserClose(ProjectSpecificationMethods.java:25)
at Base.ProjectSpecificationMethods.BrowserClose(ProjectSpecificationMethods.java:25)
at Base.ProjectSpecificationMethods.BrowserClose(ProjectSpecificationMethods.java:25)
at Base.ProjectSpecificationMethods.BrowserClose(ProjectSpecificationMethods.java:25)
at Base.ProjectSpecificationMethods.BrowserClose(ProjectSpecificationMethods.java:25)
at Base.ProjectSpecificationMethods.BrowserClose(ProjectSpecificationMethods.java:25)
at Base.ProjectSpecificationMethods.BrowserClose(ProjectSpecificationMethods.java:25)
at Base.ProjectSpecificationMethods.BrowserClose(ProjectSpecificationMethods.java:25)
at Base.ProjectSpecificationMethods.BrowserClose(ProjectSpecificationMethods.java:25)
at Base.ProjectSpecificationMethods.BrowserClose(ProjectSpecificationMethods.java:25)
at Base.ProjectSpecificationMethods.BrowserClose(ProjectSpecificationMethods.java:25)
at Base.ProjectSpecificationMethods.BrowserClose(ProjectSpecificationMethods.java:25)
at Base.ProjectSpecificationMethods.BrowserClose(ProjectSpecificationMethods.java:25)
at Base.ProjectSpecificationMethods.BrowserClose(ProjectSpecificationMethods.java:25)
at Base.ProjectSpecificationMethods.BrowserClose(ProjectSpecificationMethods.java:25)
at Base.ProjectSpecificationMethods.BrowserClose(ProjectSpecificationMethods.java:25)
at Base.ProjectSpecificationMethods.BrowserClose(ProjectSpecificationMethods.java:25)
at Base.ProjectSpecificationMethods.BrowserClose(ProjectSpecificationMethods.java:25)
at Base.ProjectSpecificationMethods.BrowserClose(ProjectSpecificationMethods.java:25)
at Base.ProjectSpecificationMethods.BrowserClose(ProjectSpecificationMethods.java:25)
at Base.ProjectSpecificationMethods.BrowserClose(ProjectSpecificationMethods.java:25)
at Base.ProjectSpecificationMethods.BrowserClose(ProjectSpecificationMethods.java:25)
at Base.ProjectSpecificationMethods.BrowserClose(ProjectSpecificationMethods.java:25)
at Base.ProjectSpecificationMethods.BrowserClose(ProjectSpecificationMethods.java:25)
at Base.ProjectSpecificationMethods.BrowserClose(ProjectSpecificationMethods.java:25)
at Base.ProjectSpecificationMethods.BrowserClose(ProjectSpecificationMethods.java:25)
at Base.ProjectSpecificationMethods.BrowserClose(ProjectSpecificationMethods.java:25)
at Base.ProjectSpecificationMethods.BrowserClose(ProjectSpecificationMethods.java:25)
at Base.ProjectSpecificationMethods.BrowserClose(ProjectSpecificationMethods.java:25)
at Base.ProjectSpecificationMethods.BrowserClose(ProjectSpecificationMethods.java:25)
at Base.ProjectSpecificationMethods.BrowserClose(ProjectSpecificationMethods.java:25)
at Base.ProjectSpecificationMethods.BrowserClose(ProjectSpecificationMethods.java:25)
at Base.ProjectSpecificationMethods.BrowserClose(ProjectSpecificationMethods.java:25)
at Base.ProjectSpecificationMethods.BrowserClose(ProjectSpecificationMethods.java:25)
at Base.ProjectSpecificationMethods.BrowserClose(ProjectSpecificationMethods.java:25)
at Base.ProjectSpecificationMethods.BrowserClose(ProjectSpecificationMethods.java:25)
at Base.ProjectSpecificationMethods.BrowserClose(ProjectSpecificationMethods.java:25)
at Base.ProjectSpecificationMethods.BrowserClose(ProjectSpecificationMethods.java:25)
at Base.ProjectSpecificationMethods.BrowserClose(ProjectSpecificationMethods.java:25)
at Base.ProjectSpecificationMethods.BrowserClose(ProjectSpecificationMethods.java:25)
at Base.ProjectSpecificationMethods.BrowserClose(ProjectSpecificationMethods.java:25)
at Base.ProjectSpecificationMethods.BrowserClose(ProjectSpecificationMethods.java:25)
at Base.ProjectSpecificationMethods.BrowserClose(ProjectSpecificationMethods.java:25)
at Base.ProjectSpecificationMethods.BrowserClose(ProjectSpecificationMethods.java:25)
at Base.ProjectSpecificationMethods.BrowserClose(ProjectSpecificationMethods.java:25)
at Base.ProjectSpecificationMethods.BrowserClose(ProjectSpecificationMethods.java:25)
at Base.ProjectSpecificationMethods.BrowserClose(ProjectSpecificationMethods.java:25)
at Base.ProjectSpecificationMethods.BrowserClose(ProjectSpecificationMethods.java:25)
at Base.ProjectSpecificationMethods.BrowserClose(ProjectSpecificationMethods.java:25)
at Base.ProjectSpecificationMethods.BrowserClose(ProjectSpecificationMethods.java:25)
at Base.ProjectSpecificationMethods.BrowserClose(ProjectSpecificationMethods.java:25)
at Base.ProjectSpecificationMethods.BrowserClose(ProjectSpecificationMethods.java:25)
at Base.ProjectSpecificationMethods.BrowserClose(ProjectSpecificationMethods.java:25)
at Base.ProjectSpecificationMethods.BrowserClose(ProjectSpecificationMethods.java:25)
at Base.ProjectSpecificationMethods.BrowserClose(ProjectSpecificationMethods.java:25)
at Base.ProjectSpecificationMethods.BrowserClose(ProjectSpecificationMethods.java:25)
at Base.ProjectSpecificationMethods.BrowserClose(ProjectSpecificationMethods.java:25)
at Base.ProjectSpecificationMethods.BrowserClose(ProjectSpecificationMethods.java:25)
at Base.ProjectSpecificationMethods.BrowserClose(ProjectSpecificationMethods.java:25)
at Base.ProjectSpecificationMethods.BrowserClose(ProjectSpecificationMethods.java:25)
at Base.ProjectSpecificationMethods.BrowserClose(ProjectSpecificationMethods.java:25)
at Base.ProjectSpecificationMethods.BrowserClose(ProjectSpecificationMethods.java:25)
at Base.ProjectSpecificationMethods.BrowserClose(ProjectSpecificationMethods.java:25)
at Base.ProjectSpecificationMethods.BrowserClose(ProjectSpecificationMethods.java:25)
at Base.ProjectSpecificationMethods.BrowserClose(ProjectSpecificationMethods.java:25)
at Base.ProjectSpecificationMethods.BrowserClose(ProjectSpecificationMethods.java:25)
at Base.ProjectSpecificationMethods.BrowserClose(ProjectSpecificationMethods.java:25)
at Base.ProjectSpecificationMethods.BrowserClose(ProjectSpecificationMethods.java:25)
at Base.ProjectSpecificationMethods.BrowserClose(ProjectSpecificationMethods.java:25)
at Base.ProjectSpecificationMethods.BrowserClose(ProjectSpecificationMethods.java:25)
at Base.ProjectSpecificationMethods.BrowserClose(ProjectSpecificationMethods.java:25)
at Base.ProjectSpecificationMethods.BrowserClose(ProjectSpecificationMethods.java:25)
at Base.ProjectSpecificationMethods.BrowserClose(ProjectSpecificationMethods.java:25)
at Base.ProjectSpecificationMethods.BrowserClose(ProjectSpecificationMethods.java:25)
at Base.ProjectSpecificationMethods.BrowserClose(ProjectSpecificationMethods.java:25)
at Base.ProjectSpecificationMethods.BrowserClose(ProjectSpecificationMethods.java:25)
at Base.ProjectSpecificationMethods.BrowserClose(ProjectSpecificationMethods.java:25)
at Base.ProjectSpecificationMethods.BrowserClose(ProjectSpecificationMethods.java:25)
at Base.ProjectSpecificationMethods.BrowserClose(ProjectSpecificationMethods.java:25)
at Base.ProjectSpecificationMethods.BrowserClose(ProjectSpecificationMethods.java:25)
at Base.ProjectSpecificationMethods.BrowserClose(ProjectSpecificationMethods.java:25)
at Base.ProjectSpecificationMethods.BrowserClose(ProjectSpecificationMethods.java:25)
at Base.ProjectSpecificationMethods.BrowserClose(ProjectSpecificationMethods.java:25)
at Base.ProjectSpecificationMethods.BrowserClose(ProjectSpecificationMethods.java:25)
at Base.ProjectSpecificationMethods.BrowserClose(ProjectSpecificationMethods.java:25)
at Base.ProjectSpecificationMethods.BrowserClose(ProjectSpecificationMethods.java:25)
at Base.ProjectSpecificationMethods.BrowserClose(ProjectSpecificationMethods.java:25)
at Base.ProjectSpecificationMethods.BrowserClose(ProjectSpecificationMethods.java:25)
at Base.ProjectSpecificationMethods.BrowserClose(ProjectSpecificationMethods.java:25)
at Base.ProjectSpecificationMethods.BrowserClose(ProjectSpecificationMethods.java:25)
at Base.ProjectSpecificationMethods.BrowserClose(ProjectSpecificationMethods.java:25)
at Base.ProjectSpecificationMethods.BrowserClose(ProjectSpecificationMethods.java:25)
at Base.ProjectSpecificationMethods.BrowserClose(ProjectSpecificationMethods.java:25)
at Base.ProjectSpecificationMethods.BrowserClose(ProjectSpecificationMethods.java:25)
at Base.ProjectSpecificationMethods.BrowserClose(ProjectSpecificationMethods.java:25)
at Base.ProjectSpecificationMethods.BrowserClose(ProjectSpecificationMethods.java:25)
at Base.ProjectSpecificationMethods.BrowserClose(ProjectSpecificationMethods.java:25)
at Base.ProjectSpecificationMethods.BrowserClose(ProjectSpecificationMethods.java:25)
at Base.ProjectSpecificationMethods.BrowserClose(ProjectSpecificationMethods.java:25)
at Base.ProjectSpecificationMethods.BrowserClose(ProjectSpecificationMethods.java:25)
at Base.ProjectSpecificationMethods.BrowserClose(ProjectSpecificationMethods.java:25)
at Base.ProjectSpecificationMethods.BrowserClose(ProjectSpecificationMethods.java:25)
at Base.ProjectSpecificationMethods.BrowserClose(ProjectSpecificationMethods.java:25)
at Base.ProjectSpecificationMethods.BrowserClose(ProjectSpecificationMethods.java:25)
at Base.ProjectSpecificationMethods.BrowserClose(ProjectSpecificationMethods.java:25)
at Base.ProjectSpecificationMethods.BrowserClose(ProjectSpecificationMethods.java:25)
at Base.ProjectSpecificationMethods.BrowserClose(ProjectSpecificationMethods.java:25)
at Base.ProjectSpecificationMethods.BrowserClose(ProjectSpecificationMethods.java:25)
at Base.ProjectSpecificationMethods.BrowserClose(ProjectSpecificationMethods.java:25)
at Base.ProjectSpecificationMethods.BrowserClose(ProjectSpecificationMethods.java:25)
at Base.ProjectSpecificationMethods.BrowserClose(ProjectSpecificationMethods.java:25)
at Base.ProjectSpecificationMethods.BrowserClose(ProjectSpecificationMethods.java:25)
at Base.ProjectSpecificationMethods.BrowserClose(ProjectSpecificationMethods.java:25)
at Base.ProjectSpecificationMethods.BrowserClose(ProjectSpecificationMethods.java:25)
at Base.ProjectSpecificationMethods.BrowserClose(ProjectSpecificationMethods.java:25)
at Base.ProjectSpecificationMethods.BrowserClose(ProjectSpecificationMethods.java:25)
at Base.ProjectSpecificationMethods.BrowserClose(ProjectSpecificationMethods.java:25)
at Base.ProjectSpecificationMethods.BrowserClose(ProjectSpecificationMethods.java:25)
at Base.ProjectSpecificationMethods.BrowserClose(ProjectSpecificationMethods.java:25)
at Base.ProjectSpecificationMethods.BrowserClose(ProjectSpecificationMethods.java:25)
at Base.ProjectSpecificationMethods.BrowserClose(ProjectSpecificationMethods.java:25)
at Base.ProjectSpecificationMethods.BrowserClose(ProjectSpecificationMethods.java:25)
at Base.ProjectSpecificationMethods.BrowserClose(ProjectSpecificationMethods.java:25)
at Base.ProjectSpecificationMethods.BrowserClose(ProjectSpecificationMethods.java:25)
at Base.ProjectSpecificationMethods.BrowserClose(ProjectSpecificationMethods.java:25)
at Base.ProjectSpecificationMethods.BrowserClose(ProjectSpecificationMethods.java:25)
at Base.ProjectSpecificationMethods.BrowserClose(ProjectSpecificationMethods.java:25)
at Base.ProjectSpecificationMethods.BrowserClose(ProjectSpecificationMethods.java:25)
at Base.ProjectSpecificationMethods.BrowserClose(ProjectSpecificationMethods.java:25)
at Base.ProjectSpecificationMethods.BrowserClose(ProjectSpecificationMethods.java:25)
at Base.ProjectSpecificationMethods.BrowserClose(ProjectSpecificationMethods.java:25)
at Base.ProjectSpecificationMethods.BrowserClose(ProjectSpecificationMethods.java:25)
at Base.ProjectSpecificationMethods.BrowserClose(ProjectSpecificationMethods.java:25)
at Base.ProjectSpecificationMethods.BrowserClose(ProjectSpecificationMethods.java:25)
at Base.ProjectSpecificationMethods.BrowserClose(ProjectSpecificationMethods.java:25)
at Base.ProjectSpecificationMethods.BrowserClose(ProjectSpecificationMethods.java:25)
at Base.ProjectSpecificationMethods.BrowserClose(ProjectSpecificationMethods.java:25)
at Base.ProjectSpecificationMethods.BrowserClose(ProjectSpecificationMethods.java:25)
at Base.ProjectSpecificationMethods.BrowserClose(ProjectSpecificationMethods.java:25)
at Base.ProjectSpecificationMethods.BrowserClose(ProjectSpecificationMethods.java:25)
at Base.ProjectSpecificationMethods.BrowserClose(ProjectSpecificationMethods.java:25)
at Base.ProjectSpecificationMethods.BrowserClose(ProjectSpecificationMethods.java:25)
at Base.ProjectSpecificationMethods.BrowserClose(ProjectSpecificationMethods.java:25)
at Base.ProjectSpecificationMethods.BrowserClose(ProjectSpecificationMethods.java:25)
at Base.ProjectSpecificationMethods.BrowserClose(ProjectSpecificationMethods.java:25)
at Base.ProjectSpecificationMethods.BrowserClose(ProjectSpecificationMethods.java:25)
at Base.ProjectSpecificationMethods.BrowserClose(ProjectSpecificationMethods.java:25)
at Base.ProjectSpecificationMethods.BrowserClose(ProjectSpecificationMethods.java:25)
at Base.ProjectSpecificationMethods.BrowserClose(ProjectSpecificationMethods.java:25)
at Base.ProjectSpecificationMethods.BrowserClose(ProjectSpecificationMethods.java:25)
at Base.ProjectSpecificationMethods.BrowserClose(ProjectSpecificationMethods.java:25)
at Base.ProjectSpecificationMethods.BrowserClose(ProjectSpecificationMethods.java:25)
at Base.ProjectSpecificationMethods.BrowserClose(ProjectSpecificationMethods.java:25)
at Base.ProjectSpecificationMethods.BrowserClose(ProjectSpecificationMethods.java:25)
at Base.ProjectSpecificationMethods.BrowserClose(ProjectSpecificationMethods.java:25)
at Base.ProjectSpecificationMethods.BrowserClose(ProjectSpecificationMethods.java:25)
at Base.ProjectSpecificationMethods.BrowserClose(ProjectSpecificationMethods.java:25)
at Base.ProjectSpecificationMethods.BrowserClose(ProjectSpecificationMethods.java:25)
at Base.ProjectSpecificationMethods.BrowserClose(ProjectSpecificationMethods.java:25)
at Base.ProjectSpecificationMethods.BrowserClose(ProjectSpecificationMethods.java:25)
at Base.ProjectSpecificationMethods.BrowserClose(ProjectSpecificationMethods.java:25)
at Base.ProjectSpecificationMethods.BrowserClose(ProjectSpecificationMethods.java:25)
at Base.ProjectSpecificationMethods.BrowserClose(ProjectSpecificationMethods.java:25)
at Base.ProjectSpecificationMethods.BrowserClose(ProjectSpecificationMethods.java:25)
at Base.ProjectSpecificationMethods.BrowserClose(ProjectSpecificationMethods.java:25)
at Base.ProjectSpecificationMethods.BrowserClose(ProjectSpecificationMethods.java:25)
at Base.ProjectSpecificationMethods.BrowserClose(ProjectSpecificationMethods.java:25)
at Base.ProjectSpecificationMethods.BrowserClose(ProjectSpecificationMethods.java:25)
at Base.ProjectSpecificationMethods.BrowserClose(ProjectSpecificationMethods.java:25)
at Base.ProjectSpecificationMethods.BrowserClose(ProjectSpecificationMethods.java:25)
at Base.ProjectSpecificationMethods.BrowserClose(ProjectSpecificationMethods.java:25)
at Base.ProjectSpecificationMethods.BrowserClose(ProjectSpecificationMethods.java:25)
at Base.ProjectSpecificationMethods.BrowserClose(ProjectSpecificationMethods.java:25)
at Base.ProjectSpecificationMethods.BrowserClose(ProjectSpecificationMethods.java:25)
at Base.ProjectSpecificationMethods.BrowserClose(ProjectSpecificationMethods.java:25)
at Base.ProjectSpecificationMethods.BrowserClose(ProjectSpecificationMethods.java:25)
at Base.ProjectSpecificationMethods.BrowserClose(ProjectSpecificationMethods.java:25)
at Base.ProjectSpecificationMethods.BrowserClose(ProjectSpecificationMethods.java:25)
at Base.ProjectSpecificationMethods.BrowserClose(ProjectSpecificationMethods.java:25)
at Base.ProjectSpecificationMethods.BrowserClose(ProjectSpecificationMethods.java:25)
at Base.ProjectSpecificationMethods.BrowserClose(ProjectSpecificationMethods.java:25)
at Base.ProjectSpecificationMethods.BrowserClose(ProjectSpecificationMethods.java:25)
at Base.ProjectSpecificationMethods.BrowserClose(ProjectSpecificationMethods.java:25)
at Base.ProjectSpecificationMethods.BrowserClose(ProjectSpecificationMethods.java:25)
at Base.ProjectSpecificationMethods.BrowserClose(ProjectSpecificationMethods.java:25)
at Base.ProjectSpecificationMethods.BrowserClose(ProjectSpecificationMethods.java:25)
at Base.ProjectSpecificationMethods.BrowserClose(ProjectSpecificationMethods.java:25)
at Base.ProjectSpecificationMethods.BrowserClose(ProjectSpecificationMethods.java:25)
at Base.ProjectSpecificationMethods.BrowserClose(ProjectSpecificationMethods.java:25)
at Base.ProjectSpecificationMethods.BrowserClose(ProjectSpecificationMethods.java:25)
at Base.ProjectSpecificationMethods.BrowserClose(ProjectSpecificationMethods.java:25)
at Base.ProjectSpecificationMethods.BrowserClose(ProjectSpecificationMethods.java:25)
at Base.ProjectSpecificationMethods.BrowserClose(ProjectSpecificationMethods.java:25)
at Base.ProjectSpecificationMethods.BrowserClose(ProjectSpecificationMethods.java:25)
at Base.ProjectSpecificationMethods.BrowserClose(ProjectSpecificationMethods.java:25)
at Base.ProjectSpecificationMethods.BrowserClose(ProjectSpecificationMethods.java:25)
at Base.ProjectSpecificationMethods.BrowserClose(ProjectSpecificationMethods.java:25)
at Base.ProjectSpecificationMethods.BrowserClose(ProjectSpecificationMethods.java:25)
at Base.ProjectSpecificationMethods.BrowserClose(ProjectSpecificationMethods.java:25)
at Base.ProjectSpecificationMethods.BrowserClose(ProjectSpecificationMethods.java:25)
at Base.ProjectSpecificationMethods.BrowserClose(ProjectSpecificationMethods.java:25)
at Base.ProjectSpecificationMethods.BrowserClose(ProjectSpecificationMethods.java:25)
at Base.ProjectSpecificationMethods.BrowserClose(ProjectSpecificationMethods.java:25)
at Base.ProjectSpecificationMethods.BrowserClose(ProjectSpecificationMethods.java:25)
at Base.ProjectSpecificationMethods.BrowserClose(ProjectSpecificationMethods.java:25)
at Base.ProjectSpecificationMethods.BrowserClose(ProjectSpecificationMethods.java:25)
at Base.ProjectSpecificationMethods.BrowserClose(ProjectSpecificationMethods.java:25)
at Base.ProjectSpecificationMethods.BrowserClose(ProjectSpecificationMethods.java:25)
at Base.ProjectSpecificationMethods.BrowserClose(ProjectSpecificationMethods.java:25)
at Base.ProjectSpecificationMethods.BrowserClose(ProjectSpecificationMethods.java:25)
at Base.ProjectSpecificationMethods.BrowserClose(ProjectSpecificationMethods.java:25)
at Base.ProjectSpecificationMethods.BrowserClose(ProjectSpecificationMethods.java:25)
at Base.ProjectSpecificationMethods.BrowserClose(ProjectSpecificationMethods.java:25)
at Base.ProjectSpecificationMethods.BrowserClose(ProjectSpecificationMethods.java:25)
at Base.ProjectSpecificationMethods.BrowserClose(ProjectSpecificationMethods.java:25)
at Base.ProjectSpecificationMethods.BrowserClose(ProjectSpecificationMethods.java:25)
at Base.ProjectSpecificationMethods.BrowserClose(ProjectSpecificationMethods.java:25)
at Base.ProjectSpecificationMethods.BrowserClose(ProjectSpecificationMethods.java:25)
at Base.ProjectSpecificationMethods.BrowserClose(ProjectSpecificationMethods.java:25)
at Base.ProjectSpecificationMethods.BrowserClose(ProjectSpecificationMethods.java:25)
at Base.ProjectSpecificationMethods.BrowserClose(ProjectSpecificationMethods.java:25)
at Base.ProjectSpecificationMethods.BrowserClose(ProjectSpecificationMethods.java:25)
at Base.ProjectSpecificationMethods.BrowserClose(ProjectSpecificationMethods.java:25)
at Base.ProjectSpecificationMethods.BrowserClose(ProjectSpecificationMethods.java:25)
at Base.ProjectSpecificationMethods.BrowserClose(ProjectSpecificationMethods.java:25)
at Base.ProjectSpecificationMethods.BrowserClose(ProjectSpecificationMethods.java:25)
at Base.ProjectSpecificationMethods.BrowserClose(ProjectSpecificationMethods.java:25)
at Base.ProjectSpecificationMethods.BrowserClose(ProjectSpecificationMethods.java:25)
at Base.ProjectSpecificationMethods.BrowserClose(ProjectSpecificationMethods.java:25)
at Base.ProjectSpecificationMethods.BrowserClose(ProjectSpecificationMethods.java:25)
at Base.ProjectSpecificationMethods.BrowserClose(ProjectSpecificationMethods.java:25)
at Base.ProjectSpecificationMethods.BrowserClose(ProjectSpecificationMethods.java:25)
at Base.ProjectSpecificationMethods.BrowserClose(ProjectSpecificationMethods.java:25)
at Base.ProjectSpecificationMethods.BrowserClose(ProjectSpecificationMethods.java:25)
at Base.ProjectSpecificationMethods.BrowserClose(ProjectSpecificationMethods.java:25)
at Base.ProjectSpecificationMethods.BrowserClose(ProjectSpecificationMethods.java:25)
at Base.ProjectSpecificationMethods.BrowserClose(ProjectSpecificationMethods.java:25)
at Base.ProjectSpecificationMethods.BrowserClose(ProjectSpecificationMethods.java:25)
at Base.ProjectSpecificationMethods.BrowserClose(ProjectSpecificationMethods.java:25)
at Base.ProjectSpecificationMethods.BrowserClose(ProjectSpecificationMethods.java:25)
at Base.ProjectSpecificationMethods.BrowserClose(ProjectSpecificationMethods.java:25)
at Base.ProjectSpecificationMethods.BrowserClose(ProjectSpecificationMethods.java:25)
at Base.ProjectSpecificationMethods.BrowserClose(ProjectSpecificationMethods.java:25)
at Base.ProjectSpecificationMethods.BrowserClose(ProjectSpecificationMethods.java:25)
at Base.ProjectSpecificationMethods.BrowserClose(ProjectSpecificationMethods.java:25)
at Base.ProjectSpecificationMethods.BrowserClose(ProjectSpecificationMethods.java:25)
at Base.ProjectSpecificationMethods.BrowserClose(ProjectSpecificationMethods.java:25)
at Base.ProjectSpecificationMethods.BrowserClose(ProjectSpecificationMethods.java:25)
at Base.ProjectSpecificationMethods.BrowserClose(ProjectSpecificationMethods.java:25)
at Base.ProjectSpecificationMethods.BrowserClose(ProjectSpecificationMethods.java:25)
at Base.ProjectSpecificationMethods.BrowserClose(ProjectSpecificationMethods.java:25)
at Base.ProjectSpecificationMethods.BrowserClose(ProjectSpecificationMethods.java:25)
at Base.ProjectSpecificationMethods.BrowserClose(ProjectSpecificationMethods.java:25)
at Base.ProjectSpecificationMethods.BrowserClose(ProjectSpecificationMethods.java:25)
at Base.ProjectSpecificationMethods.BrowserClose(ProjectSpecificationMethods.java:25)
at Base.ProjectSpecificationMethods.BrowserClose(ProjectSpecificationMethods.java:25)
at Base.ProjectSpecificationMethods.BrowserClose(ProjectSpecificationMethods.java:25)
at Base.ProjectSpecificationMethods.BrowserClose(ProjectSpecificationMethods.java:25)
at Base.ProjectSpecificationMethods.BrowserClose(ProjectSpecificationMethods.java:25)
at Base.ProjectSpecificationMethods.BrowserClose(ProjectSpecificationMethods.java:25)
at Base.ProjectSpecificationMethods.BrowserClose(ProjectSpecificationMethods.java:25)
at Base.ProjectSpecificationMethods.BrowserClose(ProjectSpecificationMethods.java:25)
at Base.ProjectSpecificationMethods.BrowserClose(ProjectSpecificationMethods.java:25)
at Base.ProjectSpecificationMethods.BrowserClose(ProjectSpecificationMethods.java:25)
at Base.ProjectSpecificationMethods.BrowserClose(ProjectSpecificationMethods.java:25)
at Base.ProjectSpecificationMethods.BrowserClose(ProjectSpecificationMethods.java:25)
at Base.ProjectSpecificationMethods.BrowserClose(ProjectSpecificationMethods.java:25)
at Base.ProjectSpecificationMethods.BrowserClose(ProjectSpecificationMethods.java:25)
at Base.ProjectSpecificationMethods.BrowserClose(ProjectSpecificationMethods.java:25)
at Base.ProjectSpecificationMethods.BrowserClose(ProjectSpecificationMethods.java:25)
at Base.ProjectSpecificationMethods.BrowserClose(ProjectSpecificationMethods.java:25)
at Base.ProjectSpecificationMethods.BrowserClose(ProjectSpecificationMethods.java:25)
at Base.ProjectSpecificationMethods.BrowserClose(ProjectSpecificationMethods.java:25)
at Base.ProjectSpecificationMethods.BrowserClose(ProjectSpecificationMethods.java:25)
at Base.ProjectSpecificationMethods.BrowserClose(ProjectSpecificationMethods.java:25)
at Base.ProjectSpecificationMethods.BrowserClose(ProjectSpecificationMethods.java:25)
at Base.ProjectSpecificationMethods.BrowserClose(ProjectSpecificationMethods.java:25)
at Base.ProjectSpecificationMethods.BrowserClose(ProjectSpecificationMethods.java:25)
at Base.ProjectSpecificationMethods.BrowserClose(ProjectSpecificationMethods.java:25)
at Base.ProjectSpecificationMethods.BrowserClose(ProjectSpecificationMethods.java:25)
at Base.ProjectSpecificationMethods.BrowserClose(ProjectSpecificationMethods.java:25)
at Base.ProjectSpecificationMethods.BrowserClose(ProjectSpecificationMethods.java:25)
at Base.ProjectSpecificationMethods.BrowserClose(ProjectSpecificationMethods.java:25)
at Base.ProjectSpecificationMethods.BrowserClose(ProjectSpecificationMethods.java:25)
at Base.ProjectSpecificationMethods.BrowserClose(ProjectSpecificationMethods.java:25)
at Base.ProjectSpecificationMethods.BrowserClose(ProjectSpecificationMethods.java:25)
at Base.ProjectSpecificationMethods.BrowserClose(ProjectSpecificationMethods.java:25)
at Base.ProjectSpecificationMethods.BrowserClose(ProjectSpecificationMethods.java:25)
at Base.ProjectSpecificationMethods.BrowserClose(ProjectSpecificationMethods.java:25)
at Base.ProjectSpecificationMethods.BrowserClose(ProjectSpecificationMethods.java:25)
at Base.ProjectSpecificationMethods.BrowserClose(ProjectSpecificationMethods.java:25)
at Base.ProjectSpecificationMethods.BrowserClose(ProjectSpecificationMethods.java:25)
at Base.ProjectSpecificationMethods.BrowserClose(ProjectSpecificationMethods.java:25)
at Base.ProjectSpecificationMethods.BrowserClose(ProjectSpecificationMethods.java:25)
at Base.ProjectSpecificationMethods.BrowserClose(ProjectSpecificationMethods.java:25)
at Base.ProjectSpecificationMethods.BrowserClose(ProjectSpecificationMethods.java:25)
at Base.ProjectSpecificationMethods.BrowserClose(ProjectSpecificationMethods.java:25)
at Base.ProjectSpecificationMethods.BrowserClose(ProjectSpecificationMethods.java:25)
at Base.ProjectSpecificationMethods.BrowserClose(ProjectSpecificationMethods.java:25)
at Base.ProjectSpecificationMethods.BrowserClose(ProjectSpecificationMethods.java:25)
at Base.ProjectSpecificationMethods.BrowserClose(ProjectSpecificationMethods.java:25)
at Base.ProjectSpecificationMethods.BrowserClose(ProjectSpecificationMethods.java:25)
at Base.ProjectSpecificationMethods.BrowserClose(ProjectSpecificationMethods.java:25)
at Base.ProjectSpecificationMethods.BrowserClose(ProjectSpecificationMethods.java:25)
at Base.ProjectSpecificationMethods.BrowserClose(ProjectSpecificationMethods.java:25)
at Base.ProjectSpecificationMethods.BrowserClose(ProjectSpecificationMethods.java:25)
at Base.ProjectSpecificationMethods.BrowserClose(ProjectSpecificationMethods.java:25)
at Base.ProjectSpecificationMethods.BrowserClose(ProjectSpecificationMethods.java:25)
at Base.ProjectSpecificationMethods.BrowserClose(ProjectSpecificationMethods.java:25)
at Base.ProjectSpecificationMethods.BrowserClose(ProjectSpecificationMethods.java:25)
at Base.ProjectSpecificationMethods.BrowserClose(ProjectSpecificationMethods.java:25)
at Base.ProjectSpecificationMethods.BrowserClose(ProjectSpecificationMethods.java:25)
at Base.ProjectSpecificationMethods.BrowserClose(ProjectSpecificationMethods.java:25)
at Base.ProjectSpecificationMethods.BrowserClose(ProjectSpecificationMethods.java:25)
at Base.ProjectSpecificationMethods.BrowserClose(ProjectSpecificationMethods.java:25)
at Base.ProjectSpecificationMethods.BrowserClose(ProjectSpecificationMethods.java:25)
at Base.ProjectSpecificationMethods.BrowserClose(ProjectSpecificationMethods.java:25)
at Base.ProjectSpecificationMethods.BrowserClose(ProjectSpecificationMethods.java:25)
at Base.ProjectSpecificationMethods.BrowserClose(ProjectSpecificationMethods.java:25)
at Base.ProjectSpecificationMethods.BrowserClose(ProjectSpecificationMethods.java:25)
at Base.ProjectSpecificationMethods.BrowserClose(ProjectSpecificationMethods.java:25)
at Base.ProjectSpecificationMethods.BrowserClose(ProjectSpecificationMethods.java:25)
at Base.ProjectSpecificationMethods.BrowserClose(ProjectSpecificationMethods.java:25)
at Base.ProjectSpecificationMethods.BrowserClose(ProjectSpecificationMethods.java:25)
at Base.ProjectSpecificationMethods.BrowserClose(ProjectSpecificationMethods.java:25)
at Base.ProjectSpecificationMethods.BrowserClose(ProjectSpecificationMethods.java:25)
at Base.ProjectSpecificationMethods.BrowserClose(ProjectSpecificationMethods.java:25)
at Base.ProjectSpecificationMethods.BrowserClose(ProjectSpecificationMethods.java:25)
at Base.ProjectSpecificationMethods.BrowserClose(ProjectSpecificationMethods.java:25)
at Base.ProjectSpecificationMethods.BrowserClose(ProjectSpecificationMethods.java:25)
at Base.ProjectSpecificationMethods.BrowserClose(ProjectSpecificationMethods.java:25)
at Base.ProjectSpecificationMethods.BrowserClose(ProjectSpecificationMethods.java:25)
at Base.ProjectSpecificationMethods.BrowserClose(ProjectSpecificationMethods.java:25)
at Base.ProjectSpecificationMethods.BrowserClose(ProjectSpecificationMethods.java:25)
at Base.ProjectSpecificationMethods.BrowserClose(ProjectSpecificationMethods.java:25)
at Base.ProjectSpecificationMethods.BrowserClose(ProjectSpecificationMethods.java:25)
at Base.ProjectSpecificationMethods.BrowserClose(ProjectSpecificationMethods.java:25)
at Base.ProjectSpecificationMethods.BrowserClose(ProjectSpecificationMethods.java:25)
at Base.ProjectSpecificationMethods.BrowserClose(ProjectSpecificationMethods.java:25)
at Base.ProjectSpecificationMethods.BrowserClose(ProjectSpecificationMethods.java:25)
at Base.ProjectSpecificationMethods.BrowserClose(ProjectSpecificationMethods.java:25)
at Base.ProjectSpecificationMethods.BrowserClose(ProjectSpecificationMethods.java:25)
at Base.ProjectSpecificationMethods.BrowserClose(ProjectSpecificationMethods.java:25)
at Base.ProjectSpecificationMethods.BrowserClose(ProjectSpecificationMethods.java:25)
at Base.ProjectSpecificationMethods.BrowserClose(ProjectSpecificationMethods.java:25)
at Base.ProjectSpecificationMethods.BrowserClose(ProjectSpecificationMethods.java:25)
at Base.ProjectSpecificationMethods.BrowserClose(ProjectSpecificationMethods.java:25)
at Base.ProjectSpecificationMethods.BrowserClose(ProjectSpecificationMethods.java:25)
at Base.ProjectSpecificationMethods.BrowserClose(ProjectSpecificationMethods.java:25)
at Base.ProjectSpecificationMethods.BrowserClose(ProjectSpecificationMethods.java:25)
at Base.ProjectSpecificationMethods.BrowserClose(ProjectSpecificationMethods.java:25)
at Base.ProjectSpecificationMethods.BrowserClose(ProjectSpecificationMethods.java:25)
at Base.ProjectSpecificationMethods.BrowserClose(ProjectSpecificationMethods.java:25)
at Base.ProjectSpecificationMethods.BrowserClose(ProjectSpecificationMethods.java:25)
at Base.ProjectSpecificationMethods.BrowserClose(ProjectSpecificationMethods.java:25)
at Base.ProjectSpecificationMethods.BrowserClose(ProjectSpecificationMethods.java:25)
at Base.ProjectSpecificationMethods.BrowserClose(ProjectSpecificationMethods.java:25)
at Base.ProjectSpecificationMethods.BrowserClose(ProjectSpecificationMethods.java:25)
at Base.ProjectSpecificationMethods.BrowserClose(ProjectSpecificationMethods.java:25)
at Base.ProjectSpecificationMethods.BrowserClose(ProjectSpecificationMethods.java:25)
at Base.ProjectSpecificationMethods.BrowserClose(ProjectSpecificationMethods.java:25)
at Base.ProjectSpecificationMethods.BrowserClose(ProjectSpecificationMethods.java:25)
at Base.ProjectSpecificationMethods.BrowserClose(ProjectSpecificationMethods.java:25)
at Base.ProjectSpecificationMethods.BrowserClose(ProjectSpecificationMethods.java:25)
at Base.ProjectSpecificationMethods.BrowserClose(ProjectSpecificationMethods.java:25)
at Base.ProjectSpecificationMethods.BrowserClose(ProjectSpecificationMethods.java:25)
at Base.ProjectSpecificationMethods.BrowserClose(ProjectSpecificationMethods.java:25)
at Base.ProjectSpecificationMethods.BrowserClose(ProjectSpecificationMethods.java:25)
at Base.ProjectSpecificationMethods.BrowserClose(ProjectSpecificationMethods.java:25)
at Base.ProjectSpecificationMethods.BrowserClose(ProjectSpecificationMethods.java:25)
at Base.ProjectSpecificationMethods.BrowserClose(ProjectSpecificationMethods.java:25)
at Base.ProjectSpecificationMethods.BrowserClose(ProjectSpecificationMethods.java:25)
at Base.ProjectSpecificationMethods.BrowserClose(ProjectSpecificationMethods.java:25)
at Base.ProjectSpecificationMethods.BrowserClose(ProjectSpecificationMethods.java:25)
at Base.ProjectSpecificationMethods.BrowserClose(ProjectSpecificationMethods.java:25)
at Base.ProjectSpecificationMethods.BrowserClose(ProjectSpecificationMethods.java:25)
at Base.ProjectSpecificationMethods.BrowserClose(ProjectSpecificationMethods.java:25)
at Base.ProjectSpecificationMethods.BrowserClose(ProjectSpecificationMethods.java:25)
at Base.ProjectSpecificationMethods.BrowserClose(ProjectSpecificationMethods.java:25)
at Base.ProjectSpecificationMethods.BrowserClose(ProjectSpecificationMethods.java:25)
at Base.ProjectSpecificationMethods.BrowserClose(ProjectSpecificationMethods.java:25)
at Base.ProjectSpecificationMethods.BrowserClose(ProjectSpecificationMethods.java:25)
at Base.ProjectSpecificationMethods.BrowserClose(ProjectSpecificationMethods.java:25)
at Base.ProjectSpecificationMethods.BrowserClose(ProjectSpecificationMethods.java:25)
at Base.ProjectSpecificationMethods.BrowserClose(ProjectSpecificationMethods.java:25)
at Base.ProjectSpecificationMethods.BrowserClose(ProjectSpecificationMethods.java:25)
at Base.ProjectSpecificationMethods.BrowserClose(ProjectSpecificationMethods.java:25)
at Base.ProjectSpecificationMethods.BrowserClose(ProjectSpecificationMethods.java:25)
at Base.ProjectSpecificationMethods.BrowserClose(ProjectSpecificationMethods.java:25)
at Base.ProjectSpecificationMethods.BrowserClose(ProjectSpecificationMethods.java:25)
at Base.ProjectSpecificationMethods.BrowserClose(ProjectSpecificationMethods.java:25)
at Base.ProjectSpecificationMethods.BrowserClose(ProjectSpecificationMethods.java:25)
at Base.ProjectSpecificationMethods.BrowserClose(ProjectSpecificationMethods.java:25)
at Base.ProjectSpecificationMethods.BrowserClose(ProjectSpecificationMethods.java:25)
at Base.ProjectSpecificationMethods.BrowserClose(ProjectSpecificationMethods.java:25)
at Base.ProjectSpecificationMethods.BrowserClose(ProjectSpecificationMethods.java:25)
at Base.ProjectSpecificationMethods.BrowserClose(ProjectSpecificationMethods.java:25)
at Base.ProjectSpecificationMethods.BrowserClose(ProjectSpecificationMethods.java:25)
at Base.ProjectSpecificationMethods.BrowserClose(ProjectSpecificationMethods.java:25)
at Base.ProjectSpecificationMethods.BrowserClose(ProjectSpecificationMethods.java:25)
at Base.ProjectSpecificationMethods.BrowserClose(ProjectSpecificationMethods.java:25)
at Base.ProjectSpecificationMethods.BrowserClose(ProjectSpecificationMethods.java:25)
at Base.ProjectSpecificationMethods.BrowserClose(ProjectSpecificationMethods.java:25)
at Base.ProjectSpecificationMethods.BrowserClose(ProjectSpecificationMethods.java:25)
at Base.ProjectSpecificationMethods.BrowserClose(ProjectSpecificationMethods.java:25)
at Base.ProjectSpecificationMethods.BrowserClose(ProjectSpecificationMethods.java:25)
at Base.ProjectSpecificationMethods.BrowserClose(ProjectSpecificationMethods.java:25)
at Base.ProjectSpecificationMethods.BrowserClose(ProjectSpecificationMethods.java:25)
at Base.ProjectSpecificationMethods.BrowserClose(ProjectSpecificationMethods.java:25)
at Base.ProjectSpecificationMethods.BrowserClose(ProjectSpecificationMethods.java:25)
at Base.ProjectSpecificationMethods.BrowserClose(ProjectSpecificationMethods.java:25)
at Base.ProjectSpecificationMethods.BrowserClose(ProjectSpecificationMethods.java:25)
at Base.ProjectSpecificationMethods.BrowserClose(ProjectSpecificationMethods.java:25)
at Base.ProjectSpecificationMethods.BrowserClose(ProjectSpecificationMethods.java:25)
at Base.ProjectSpecificationMethods.BrowserClose(ProjectSpecificationMethods.java:25)
at Base.ProjectSpecificationMethods.BrowserClose(ProjectSpecificationMethods.java:25)
at Base.ProjectSpecificationMethods.BrowserClose(ProjectSpecificationMethods.java:25)
at Base.ProjectSpecificationMethods.BrowserClose(ProjectSpecificationMethods.java:25)
at Base.ProjectSpecificationMethods.BrowserClose(ProjectSpecificationMethods.java:25)
at Base.ProjectSpecificationMethods.BrowserClose(ProjectSpecificationMethods.java:25)
at Base.ProjectSpecificationMethods.BrowserClose(ProjectSpecificationMethods.java:25)
at Base.ProjectSpecificationMethods.BrowserClose(ProjectSpecificationMethods.java:25)
at Base.ProjectSpecificationMethods.BrowserClose(ProjectSpecificationMethods.java:25)
at Base.ProjectSpecificationMethods.BrowserClose(ProjectSpecificationMethods.java:25)
at Base.ProjectSpecificationMethods.BrowserClose(ProjectSpecificationMethods.java:25)
at Base.ProjectSpecificationMethods.BrowserClose(ProjectSpecificationMethods.java:25)
at Base.ProjectSpecificationMethods.BrowserClose(ProjectSpecificationMethods.java:25)
at Base.ProjectSpecificationMethods.BrowserClose(ProjectSpecificationMethods.java:25)
at Base.ProjectSpecificationMethods.BrowserClose(ProjectSpecificationMethods.java:25)
at Base.ProjectSpecificationMethods.BrowserClose(ProjectSpecificationMethods.java:25)
at Base.ProjectSpecificationMethods.BrowserClose(ProjectSpecificationMethods.java:25)
at Base.ProjectSpecificationMethods.BrowserClose(ProjectSpecificationMethods.java:25)
at Base.ProjectSpecificationMethods.BrowserClose(ProjectSpecificationMethods.java:25)
at Base.ProjectSpecificationMethods.BrowserClose(ProjectSpecificationMethods.java:25)
at Base.ProjectSpecificationMethods.BrowserClose(ProjectSpecificationMethods.java:25)
at Base.ProjectSpecificationMethods.BrowserClose(ProjectSpecificationMethods.java:25)
at Base.ProjectSpecificationMethods.BrowserClose(ProjectSpecificationMethods.java:25)
at Base.ProjectSpecificationMethods.BrowserClose(ProjectSpecificationMethods.java:25)
at Base.ProjectSpecificationMethods.BrowserClose(ProjectSpecificationMethods.java:25)
at Base.ProjectSpecificationMethods.BrowserClose(ProjectSpecificationMethods.java:25)
at Base.ProjectSpecificationMethods.BrowserClose(ProjectSpecificationMethods.java:25)
at Base.ProjectSpecificationMethods.BrowserClose(ProjectSpecificationMethods.java:25)
at Base.ProjectSpecificationMethods.BrowserClose(ProjectSpecificationMethods.java:25)
at Base.ProjectSpecificationMethods.BrowserClose(ProjectSpecificationMethods.java:25)
at Base.ProjectSpecificationMethods.BrowserClose(ProjectSpecificationMethods.java:25)
at Base.ProjectSpecificationMethods.BrowserClose(ProjectSpecificationMethods.java:25)
at Base.ProjectSpecificationMethods.BrowserClose(ProjectSpecificationMethods.java:25)
at Base.ProjectSpecificationMethods.BrowserClose(ProjectSpecificationMethods.java:25)
at Base.ProjectSpecificationMethods.BrowserClose(ProjectSpecificationMethods.java:25)
at Base.ProjectSpecificationMethods.BrowserClose(ProjectSpecificationMethods.java:25)
at Base.ProjectSpecificationMethods.BrowserClose(ProjectSpecificationMethods.java:25)
at Base.ProjectSpecificationMethods.BrowserClose(ProjectSpecificationMethods.java:25)
at Base.ProjectSpecificationMethods.BrowserClose(ProjectSpecificationMethods.java:25)
at Base.ProjectSpecificationMethods.BrowserClose(ProjectSpecificationMethods.java:25)
at Base.ProjectSpecificationMethods.BrowserClose(ProjectSpecificationMethods.java:25)
at Base.ProjectSpecificationMethods.BrowserClose(ProjectSpecificationMethods.java:25)
at Base.ProjectSpecificationMethods.BrowserClose(ProjectSpecificationMethods.java:25)
at Base.ProjectSpecificationMethods.BrowserClose(ProjectSpecificationMethods.java:25)
at Base.ProjectSpecificationMethods.BrowserClose(ProjectSpecificationMethods.java:25)
at Base.ProjectSpecificationMethods.BrowserClose(ProjectSpecificationMethods.java:25)
at Base.ProjectSpecificationMethods.BrowserClose(ProjectSpecificationMethods.java:25)
at Base.ProjectSpecificationMethods.BrowserClose(ProjectSpecificationMethods.java:25)
at Base.ProjectSpecificationMethods.BrowserClose(ProjectSpecificationMethods.java:25)
at Base.ProjectSpecificationMethods.BrowserClose(ProjectSpecificationMethods.java:25)
at Base.ProjectSpecificationMethods.BrowserClose(ProjectSpecificationMethods.java:25)
at Base.ProjectSpecificationMethods.BrowserClose(ProjectSpecificationMethods.java:25)
at Base.ProjectSpecificationMethods.BrowserClose(ProjectSpecificationMethods.java:25)
at Base.ProjectSpecificationMethods.BrowserClose(ProjectSpecificationMethods.java:25)
at Base.ProjectSpecificationMethods.BrowserClose(ProjectSpecificationMethods.java:25)
at Base.ProjectSpecificationMethods.BrowserClose(ProjectSpecificationMethods.java:25)
at Base.ProjectSpecificationMethods.BrowserClose(ProjectSpecificationMethods.java:25)
at Base.ProjectSpecificationMethods.BrowserClose(ProjectSpecificationMethods.java:25)
at Base.ProjectSpecificationMethods.BrowserClose(ProjectSpecificationMethods.java:25)
at Base.ProjectSpecificationMethods.BrowserClose(ProjectSpecificationMethods.java:25)
at Base.ProjectSpecificationMethods.BrowserClose(ProjectSpecificationMethods.java:25)
at Base.ProjectSpecificationMethods.BrowserClose(ProjectSpecificationMethods.java:25)
at Base.ProjectSpecificationMethods.BrowserClose(ProjectSpecificationMethods.java:25)
at Base.ProjectSpecificationMethods.BrowserClose(ProjectSpecificationMethods.java:25)
at Base.ProjectSpecificationMethods.BrowserClose(ProjectSpecificationMethods.java:25)
at Base.ProjectSpecificationMethods.BrowserClose(ProjectSpecificationMethods.java:25)
at Base.ProjectSpecificationMethods.BrowserClose(ProjectSpecificationMethods.java:25)
at Base.ProjectSpecificationMethods.BrowserClose(ProjectSpecificationMethods.java:25)
at Base.ProjectSpecificationMethods.BrowserClose(ProjectSpecificationMethods.java:25)
at Base.ProjectSpecificationMethods.BrowserClose(ProjectSpecificationMethods.java:25)
at Base.ProjectSpecificationMethods.BrowserClose(ProjectSpecificationMethods.java:25)
at Base.ProjectSpecificationMethods.BrowserClose(ProjectSpecificationMethods.java:25)
at Base.ProjectSpecificationMethods.BrowserClose(ProjectSpecificationMethods.java:25)
at Base.ProjectSpecificationMethods.BrowserClose(ProjectSpecificationMethods.java:25)
at Base.ProjectSpecificationMethods.BrowserClose(ProjectSpecificationMethods.java:25)
at Base.ProjectSpecificationMethods.BrowserClose(ProjectSpecificationMethods.java:25)
at Base.ProjectSpecificationMethods.BrowserClose(ProjectSpecificationMethods.java:25)
at Base.ProjectSpecificationMethods.BrowserClose(ProjectSpecificationMethods.java:25)
at Base.ProjectSpecificationMethods.BrowserClose(ProjectSpecificationMethods.java:25)
at Base.ProjectSpecificationMethods.BrowserClose(ProjectSpecificationMethods.java:25)
at Base.ProjectSpecificationMethods.BrowserClose(ProjectSpecificationMethods.java:25)
at Base.ProjectSpecificationMethods.BrowserClose(ProjectSpecificationMethods.java:25)
at Base.ProjectSpecificationMethods.BrowserClose(ProjectSpecificationMethods.java:25)
at Base.ProjectSpecificationMethods.BrowserClose(ProjectSpecificationMethods.java:25)
at Base.ProjectSpecificationMethods.BrowserClose(ProjectSpecificationMethods.java:25)
at Base.ProjectSpecificationMethods.BrowserClose(ProjectSpecificationMethods.java:25)
at Base.ProjectSpecificationMethods.BrowserClose(ProjectSpecificationMethods.java:25)
at Base.ProjectSpecificationMethods.BrowserClose(ProjectSpecificationMethods.java:25)
at Base.ProjectSpecificationMethods.BrowserClose(ProjectSpecificationMethods.java:25)
at Base.ProjectSpecificationMethods.BrowserClose(ProjectSpecificationMethods.java:25)
at Base.ProjectSpecificationMethods.BrowserClose(ProjectSpecificationMethods.java:25)
at Base.ProjectSpecificationMethods.BrowserClose(ProjectSpecificationMethods.java:25)
at Base.ProjectSpecificationMethods.BrowserClose(ProjectSpecificationMethods.java:25)
at Base.ProjectSpecificationMethods.BrowserClose(ProjectSpecificationMethods.java:25)
at Base.ProjectSpecificationMethods.BrowserClose(ProjectSpecificationMethods.java:25)
at Base.ProjectSpecificationMethods.BrowserClose(ProjectSpecificationMethods.java:25)
at Base.ProjectSpecificationMethods.BrowserClose(ProjectSpecificationMethods.java:25)
at Base.ProjectSpecificationMethods.BrowserClose(ProjectSpecificationMethods.java:25)
at Base.ProjectSpecificationMethods.BrowserClose(ProjectSpecificationMethods.java:25)
at Base.ProjectSpecificationMethods.BrowserClose(ProjectSpecificationMethods.java:25)
at Base.ProjectSpecificationMethods.BrowserClose(ProjectSpecificationMethods.java:25)
at Base.ProjectSpecificationMethods.BrowserClose(ProjectSpecificationMethods.java:25)
at Base.ProjectSpecificationMethods.BrowserClose(ProjectSpecificationMethods.java:25)
at Base.ProjectSpecificationMethods.BrowserClose(ProjectSpecificationMethods.java:25)
at Base.ProjectSpecificationMethods.BrowserClose(ProjectSpecificationMethods.java:25)
at Base.ProjectSpecificationMethods.BrowserClose(ProjectSpecificationMethods.java:25)
at Base.ProjectSpecificationMethods.BrowserClose(ProjectSpecificationMethods.java:25)
at Base.ProjectSpecificationMethods.BrowserClose(ProjectSpecificationMethods.java:25)
at Base.ProjectSpecificationMethods.BrowserClose(ProjectSpecificationMethods.java:25)
at Base.ProjectSpecificationMethods.BrowserClose(ProjectSpecificationMethods.java:25)
at Base.ProjectSpecificationMethods.BrowserClose(ProjectSpecificationMethods.java:25)
at Base.ProjectSpecificationMethods.BrowserClose(ProjectSpecificationMethods.java:25)
at Base.ProjectSpecificationMethods.BrowserClose(ProjectSpecificationMethods.java:25)
at Base.ProjectSpecificationMethods.BrowserClose(ProjectSpecificationMethods.java:25)
at Base.ProjectSpecificationMethods.BrowserClose(ProjectSpecificationMethods.java:25)
at Base.ProjectSpecificationMethods.BrowserClose(ProjectSpecificationMethods.java:25)
at Base.ProjectSpecificationMethods.BrowserClose(ProjectSpecificationMethods.java:25)
at Base.ProjectSpecificationMethods.BrowserClose(ProjectSpecificationMethods.java:25)
at Base.ProjectSpecificationMethods.BrowserClose(ProjectSpecificationMethods.java:25)
at Base.ProjectSpecificationMethods.BrowserClose(ProjectSpecificationMethods.java:25)
at Base.ProjectSpecificationMethods.BrowserClose(ProjectSpecificationMethods.java:25)
at Base.ProjectSpecificationMethods.BrowserClose(ProjectSpecificationMethods.java:25)
at Base.ProjectSpecificationMethods.BrowserClose(ProjectSpecificationMethods.java:25)
at Base.ProjectSpecificationMethods.BrowserClose(ProjectSpecificationMethods.java:25)
at Base.ProjectSpecificationMethods.BrowserClose(ProjectSpecificationMethods.java:25)
at Base.ProjectSpecificationMethods.BrowserClose(ProjectSpecificationMethods.java:25)
at Base.ProjectSpecificationMethods.BrowserClose(ProjectSpecificationMethods.java:25)
at Base.ProjectSpecificationMethods.BrowserClose(ProjectSpecificationMethods.java:25)
at Base.ProjectSpecificationMethods.BrowserClose(ProjectSpecificationMethods.java:25)
at Base.ProjectSpecificationMethods.BrowserClose(ProjectSpecificationMethods.java:25)
at Base.ProjectSpecificationMethods.BrowserClose(ProjectSpecificationMethods.java:25)
at Base.ProjectSpecificationMethods.BrowserClose(ProjectSpecificationMethods.java:25)
at Base.ProjectSpecificationMethods.BrowserClose(ProjectSpecificationMethods.java:25)
at Base.ProjectSpecificationMethods.BrowserClose(ProjectSpecificationMethods.java:25)
at Base.ProjectSpecificationMethods.BrowserClose(ProjectSpecificationMethods.java:25)
at Base.ProjectSpecificationMethods.BrowserClose(ProjectSpecificationMethods.java:25)
at Base.ProjectSpecificationMethods.BrowserClose(ProjectSpecificationMethods.java:25)
at Base.ProjectSpecificationMethods.BrowserClose(ProjectSpecificationMethods.java:25)
at Base.ProjectSpecificationMethods.BrowserClose(ProjectSpecificationMethods.java:25)
at Base.ProjectSpecificationMethods.BrowserClose(ProjectSpecificationMethods.java:25)
at Base.ProjectSpecificationMethods.BrowserClose(ProjectSpecificationMethods.java:25)
at Base.ProjectSpecificationMethods.BrowserClose(ProjectSpecificationMethods.java:25)
at Base.ProjectSpecificationMethods.BrowserClose(ProjectSpecificationMethods.java:25)
at Base.ProjectSpecificationMethods.BrowserClose(ProjectSpecificationMethods.java:25)
at Base.ProjectSpecificationMethods.BrowserClose(ProjectSpecificationMethods.java:25)
at Base.ProjectSpecificationMethods.BrowserClose(ProjectSpecificationMethods.java:25)
at Base.ProjectSpecificationMethods.BrowserClose(ProjectSpecificationMethods.java:25)
at Base.ProjectSpecificationMethods.BrowserClose(ProjectSpecificationMethods.java:25)
at Base.ProjectSpecificationMethods.BrowserClose(ProjectSpecificationMethods.java:25)
at Base.ProjectSpecificationMethods.BrowserClose(ProjectSpecificationMethods.java:25)
at Base.ProjectSpecificationMethods.BrowserClose(ProjectSpecificationMethods.java:25)
at Base.ProjectSpecificationMethods.BrowserClose(ProjectSpecificationMethods.java:25)
at Base.ProjectSpecificationMethods.BrowserClose(ProjectSpecificationMethods.java:25)
at Base.ProjectSpecificationMethods.BrowserClose(ProjectSpecificationMethods.java:25)
at Base.ProjectSpecificationMethods.BrowserClose(ProjectSpecificationMethods.java:25)
at Base.ProjectSpecificationMethods.BrowserClose(ProjectSpecificationMethods.java:25)
at Base.ProjectSpecificationMethods.BrowserClose(ProjectSpecificationMethods.java:25)
at Base.ProjectSpecificationMethods.BrowserClose(ProjectSpecificationMethods.java:25)
at Base.ProjectSpecificationMethods.BrowserClose(ProjectSpecificationMethods.java:25)
at Base.ProjectSpecificationMethods.BrowserClose(ProjectSpecificationMethods.java:25)
at Base.ProjectSpecificationMethods.BrowserClose(ProjectSpecificationMethods.java:25)
at Base.ProjectSpecificationMethods.BrowserClose(ProjectSpecificationMethods.java:25)
at Base.ProjectSpecificationMethods.BrowserClose(ProjectSpecificationMethods.java:25)
at Base.ProjectSpecificationMethods.BrowserClose(ProjectSpecificationMethods.java:25)
at Base.ProjectSpecificationMethods.BrowserClose(ProjectSpecificationMethods.java:25)
at Base.ProjectSpecificationMethods.BrowserClose(ProjectSpecificationMethods.java:25)
at Base.ProjectSpecificationMethods.BrowserClose(ProjectSpecificationMethods.java:25)
at Base.ProjectSpecificationMethods.BrowserClose(ProjectSpecificationMethods.java:25)
at Base.ProjectSpecificationMethods.BrowserClose(ProjectSpecificationMethods.java:25)
at Base.ProjectSpecificationMethods.BrowserClose(ProjectSpecificationMethods.java:25)
at Base.ProjectSpecificationMethods.BrowserClose(ProjectSpecificationMethods.java:25)
at Base.ProjectSpecificationMethods.BrowserClose(ProjectSpecificationMethods.java:25)
at Base.ProjectSpecificationMethods.BrowserClose(ProjectSpecificationMethods.java:25)
at Base.ProjectSpecificationMethods.BrowserClose(ProjectSpecificationMethods.java:25)
at Base.ProjectSpecificationMethods.BrowserClose(ProjectSpecificationMethods.java:25)
at Base.ProjectSpecificationMethods.BrowserClose(ProjectSpecificationMethods.java:25)
at Base.ProjectSpecificationMethods.BrowserClose(ProjectSpecificationMethods.java:25)
at Base.ProjectSpecificationMethods.BrowserClose(ProjectSpecificationMethods.java:25)
at Base.ProjectSpecificationMethods.BrowserClose(ProjectSpecificationMethods.java:25)
at Base.ProjectSpecificationMethods.BrowserClose(ProjectSpecificationMethods.java:25)
at Base.ProjectSpecificationMethods.BrowserClose(ProjectSpecificationMethods.java:25)
at Base.ProjectSpecificationMethods.BrowserClose(ProjectSpecificationMethods.java:25)
at Base.ProjectSpecificationMethods.BrowserClose(ProjectSpecificationMethods.java:25)
at Base.ProjectSpecificationMethods.BrowserClose(ProjectSpecificationMethods.java:25)
at Base.ProjectSpecificationMethods.BrowserClose(ProjectSpecificationMethods.java:25)
at Base.ProjectSpecificationMethods.BrowserClose(ProjectSpecificationMethods.java:25)
at Base.ProjectSpecificationMethods.BrowserClose(ProjectSpecificationMethods.java:25)
at Base.ProjectSpecificationMethods.BrowserClose(ProjectSpecificationMethods.java:25)
at Base.ProjectSpecificationMethods.BrowserClose(ProjectSpecificationMethods.java:25)
at Base.ProjectSpecificationMethods.BrowserClose(ProjectSpecificationMethods.java:25)
at Base.ProjectSpecificationMethods.BrowserClose(ProjectSpecificationMethods.java:25)
at Base.ProjectSpecificationMethods.BrowserClose(ProjectSpecificationMethods.java:25)
at Base.ProjectSpecificationMethods.BrowserClose(ProjectSpecificationMethods.java:25)
at Base.ProjectSpecificationMethods.BrowserClose(ProjectSpecificationMethods.java:25)
at Base.ProjectSpecificationMethods.BrowserClose(ProjectSpecificationMethods.java:25)
at Base.ProjectSpecificationMethods.BrowserClose(ProjectSpecificationMethods.java:25)
at Base.ProjectSpecificationMethods.BrowserClose(ProjectSpecificationMethods.java:25)
at Base.ProjectSpecificationMethods.BrowserClose(ProjectSpecificationMethods.java:25)
at Base.ProjectSpecificationMethods.BrowserClose(ProjectSpecificationMethods.java:25)
at Base.ProjectSpecificationMethods.BrowserClose(ProjectSpecificationMethods.java:25)
at Base.ProjectSpecificationMethods.BrowserClose(ProjectSpecificationMethods.java:25)
at Base.ProjectSpecificationMethods.BrowserClose(ProjectSpecificationMethods.java:25)
at Base.ProjectSpecificationMethods.BrowserClose(ProjectSpecificationMethods.java:25)
at Base.ProjectSpecificationMethods.BrowserClose(ProjectSpecificationMethods.java:25)
at Base.ProjectSpecificationMethods.BrowserClose(ProjectSpecificationMethods.java:25)
at Base.ProjectSpecificationMethods.BrowserClose(ProjectSpecificationMethods.java:25)
at Base.ProjectSpecificationMethods.BrowserClose(ProjectSpecificationMethods.java:25)
at Base.ProjectSpecificationMethods.BrowserClose(ProjectSpecificationMethods.java:25)
at Base.ProjectSpecificationMethods.BrowserClose(ProjectSpecificationMethods.java:25)
at Base.ProjectSpecificationMethods.BrowserClose(ProjectSpecificationMethods.java:25)
at Base.ProjectSpecificationMethods.BrowserClose(ProjectSpecificationMethods.java:25)
at Base.ProjectSpecificationMethods.BrowserClose(ProjectSpecificationMethods.java:25)
at Base.ProjectSpecificationMethods.BrowserClose(ProjectSpecificationMethods.java:25)
at Base.ProjectSpecificationMethods.BrowserClose(ProjectSpecificationMethods.java:25)
at Base.ProjectSpecificationMethods.BrowserClose(ProjectSpecificationMethods.java:25)
at Base.ProjectSpecificationMethods.BrowserClose(ProjectSpecificationMethods.java:25)
at Base.ProjectSpecificationMethods.BrowserClose(ProjectSpecificationMethods.java:25)
at Base.ProjectSpecificationMethods.BrowserClose(ProjectSpecificationMethods.java:25)
at Base.ProjectSpecificationMethods.BrowserClose(ProjectSpecificationMethods.java:25)
at Base.ProjectSpecificationMethods.BrowserClose(ProjectSpecificationMethods.java:25)
at Base.ProjectSpecificationMethods.BrowserClose(ProjectSpecificationMethods.java:25)
at Base.ProjectSpecificationMethods.BrowserClose(ProjectSpecificationMethods.java:25)
at Base.ProjectSpecificationMethods.BrowserClose(ProjectSpecificationMethods.java:25)
at Base.ProjectSpecificationMethods.BrowserClose(ProjectSpecificationMethods.java:25)
at Base.ProjectSpecificationMethods.BrowserClose(ProjectSpecificationMethods.java:25)
at Base.ProjectSpecificationMethods.BrowserClose(ProjectSpecificationMethods.java:25)
at Base.ProjectSpecificationMethods.BrowserClose(ProjectSpecificationMethods.java:25)
at Base.ProjectSpecificationMethods.BrowserClose(ProjectSpecificationMethods.java:25)
at Base.ProjectSpecificationMethods.BrowserClose(ProjectSpecificationMethods.java:25)
at Base.ProjectSpecificationMethods.BrowserClose(ProjectSpecificationMethods.java:25)
at Base.ProjectSpecificationMethods.BrowserClose(ProjectSpecificationMethods.java:25)
at Base.ProjectSpecificationMethods.BrowserClose(ProjectSpecificationMethods.java:25)
at Base.ProjectSpecificationMethods.BrowserClose(ProjectSpecificationMethods.java:25)
[...]
at Base.ProjectSpecificationMethods.BrowserClose(ProjectSpecificationMethods.java:25)
at Base.ProjectSpecificationMethods.BrowserClose(ProjectSpecificationMethods.java:25)
at Base.ProjectSpecificationMethods.BrowserClose(ProjectSpecificationMethods.java:25)
at Base.ProjectSpecificationMethods.BrowserClose(ProjectSpecificationMethods.java:25)
at Base.ProjectSpecificationMethods.BrowserClose(ProjectSpecificationMethods.java:25)
at Base.ProjectSpecificationMethods.BrowserClose(ProjectSpecificationMethods.java:25)
at Base.ProjectSpecificationMethods.BrowserClose(ProjectSpecificationMethods.java:25)
at Base.ProjectSpecificationMethods.BrowserClose(ProjectSpecificationMethods.java:25)
at Base.ProjectSpecificationMethods.BrowserClose(ProjectSpecificationMethods.java:25)
at Base.ProjectSpecificationMethods.BrowserClose(ProjectSpecificationMethods.java:25)
at Base.ProjectSpecificationMethods.BrowserClose(ProjectSpecificationMethods.java:25)
at Base.ProjectSpecificationMethods.BrowserClose(ProjectSpecificationMethods.java:25)
at Base.ProjectSpecificationMethods.BrowserClose(ProjectSpecificationMethods.java:25)
at Base.ProjectSpecificationMethods.BrowserClose(ProjectSpecificationMethods.java:25)
at Base.ProjectSpecificationMethods.BrowserClose(ProjectSpecificationMethods.java:25)
at Base.ProjectSpecificationMethods.BrowserClose(ProjectSpecificationMethods.java:25)
at Base.ProjectSpecificationMethods.BrowserClose(ProjectSpecificationMethods.java:25)
at Base.ProjectSpecificationMethods.BrowserClose(ProjectSpecificationMethods.java:25)
at Base.ProjectSpecificationMethods.BrowserClose(ProjectSpecificationMethods.java:25)
at Base.ProjectSpecificationMethods.BrowserClose(ProjectSpecificationMethods.java:25)
at Base.ProjectSpecificationMethods.BrowserClose(ProjectSpecificationMethods.java:25)
at Base.ProjectSpecificationMethods.BrowserClose(ProjectSpecificationMethods.java:25)
at Base.ProjectSpecificationMethods.BrowserClose(ProjectSpecificationMethods.java:25)
at Base.ProjectSpecificationMethods.BrowserClose(ProjectSpecificationMethods.java:25)
at Base.ProjectSpecificationMethods.BrowserClose(ProjectSpecificationMethods.java:25)
at Base.ProjectSpecificationMethods.BrowserClose(ProjectSpecificationMethods.java:25)
at Base.ProjectSpecificationMethods.BrowserClose(ProjectSpecificationMethods.java:25)
at Base.ProjectSpecificationMethods.BrowserClose(ProjectSpecificationMethods.java:25)
at Base.ProjectSpecificationMethods.BrowserClose(ProjectSpecificationMethods.java:25)
at Base.ProjectSpecificationMethods.BrowserClose(ProjectSpecificationMethods.java:25)
at Base.ProjectSpecificationMethods.BrowserClose(ProjectSpecificationMethods.java:25)
at Base.ProjectSpecificationMethods.BrowserClose(ProjectSpecificationMethods.java:25)
at Base.ProjectSpecificationMethods.BrowserClose(ProjectSpecificationMethods.java:25)
at Base.ProjectSpecificationMethods.BrowserClose(ProjectSpecificationMethods.java:25)
at Base.ProjectSpecificationMethods.BrowserClose(ProjectSpecificationMethods.java:25)
at Base.ProjectSpecificationMethods.BrowserClose(ProjectSpecificationMethods.java:25)
at Base.ProjectSpecificationMethods.BrowserClose(ProjectSpecificationMethods.java:25)
at Base.ProjectSpecificationMethods.BrowserClose(ProjectSpecificationMethods.java:25)
at Base.ProjectSpecificationMethods.BrowserClose(ProjectSpecificationMethods.java:25)
at Base.ProjectSpecificationMethods.BrowserClose(ProjectSpecificationMethods.java:25)
at Base.ProjectSpecificationMethods.BrowserClose(ProjectSpecificationMethods.java:25)
at Base.ProjectSpecificationMethods.BrowserClose(ProjectSpecificationMethods.java:25)
at Base.ProjectSpecificationMethods.BrowserClose(ProjectSpecificationMethods.java:25)
at Base.ProjectSpecificationMethods.BrowserClose(ProjectSpecificationMethods.java:25)
at Base.ProjectSpecificationMethods.BrowserClose(ProjectSpecificationMethods.java:25)
at Base.ProjectSpecificationMethods.BrowserClose(ProjectSpecificationMethods.java:25)
at Base.ProjectSpecificationMethods.BrowserClose(ProjectSpecificationMethods.java:25)
at Base.ProjectSpecificationMethods.BrowserClose(ProjectSpecificationMethods.java:25)
at Base.ProjectSpecificationMethods.BrowserClose(ProjectSpecificationMethods.java:25)
at Base.ProjectSpecificationMethods.BrowserClose(ProjectSpecificationMethods.java:25)
at Base.ProjectSpecificationMethods.BrowserClose(ProjectSpecificationMethods.java:25)
at Base.ProjectSpecificationMethods.BrowserClose(ProjectSpecificationMethods.java:25)
at Base.ProjectSpecificationMethods.BrowserClose(ProjectSpecificationMethods.java:25)
at Base.ProjectSpecificationMethods.BrowserClose(ProjectSpecificationMethods.java:25)
at Base.ProjectSpecificationMethods.BrowserClose(ProjectSpecificationMethods.java:25)
at Base.ProjectSpecificationMethods.BrowserClose(ProjectSpecificationMethods.java:25)
at Base.ProjectSpecificationMethods.BrowserClose(ProjectSpecificationMethods.java:25)
at Base.ProjectSpecificationMethods.BrowserClose(ProjectSpecificationMethods.java:25)
at Base.ProjectSpecificationMethods.BrowserClose(ProjectSpecificationMethods.java:25)
at Base.ProjectSpecificationMethods.BrowserClose(ProjectSpecificationMethods.java:25)
at Base.ProjectSpecificationMethods.BrowserClose(ProjectSpecificationMethods.java:25)
at Base.ProjectSpecificationMethods.BrowserClose(ProjectSpecificationMethods.java:25)
at Base.ProjectSpecificationMethods.BrowserClose(ProjectSpecificationMethods.java:25)
at Base.ProjectSpecificationMethods.BrowserClose(ProjectSpecificationMethods.java:25)
at Base.ProjectSpecificationMethods.BrowserClose(ProjectSpecificationMethods.java:25)
at Base.ProjectSpecificationMethods.BrowserClose(ProjectSpecificationMethods.java:25)
at Base.ProjectSpecificationMethods.BrowserClose(ProjectSpecificationMethods.java:25)
]]>
    </failure>
  </testcase> <!-- @AfterMethod BrowserClose -->
  <testcase classname="Utils.UtilityClass" name="@AfterMethod Screenshot" time="0.0">
    <skipped/>
  </testcase> <!-- @AfterMethod Screenshot -->
  <testcase classname="Test.TC_001_VerifyProductSearchTest" name="VerifyProductSearchTest" time="15.249">
    <failure type="org.openqa.selenium.NoSuchElementException" message="no such element: Unable to locate element: {&amp;quot;method&amp;quot;:&amp;quot;xpath&amp;quot;,&amp;quot;selector&amp;quot;:&amp;quot;//div[text()=&amp;quot;Showing results for &amp;apos;Gin&amp;apos;&amp;quot;]&amp;quot;}
  (Session info: chrome=137.0.7151.104)
For documentation on this error, please visit: https://www.selenium.dev/documentation/webdriver/troubleshooting/errors#no-such-element-exception
Build info: version: &amp;apos;4.33.0&amp;apos;, revision: &amp;apos;2c6aaad03a&amp;apos;
System info: os.name: &amp;apos;Windows 10&amp;apos;, os.arch: &amp;apos;amd64&amp;apos;, os.version: &amp;apos;10.0&amp;apos;, java.version: &amp;apos;21.0.5&amp;apos;
Driver info: org.openqa.selenium.chrome.ChromeDriver
Command: [bfd4dfc624d71cf250e17dee3b9de448, findElement {using=xpath, value=//div[text()=&amp;quot;Showing results for &amp;apos;Gin&amp;apos;&amp;quot;]}]
Capabilities {acceptInsecureCerts: false, browserName: chrome, browserVersion: 137.0.7151.104, chrome: {chromedriverVersion: 137.0.7151.119 (e0ac9d12dff..., userDataDir: C:\Users\hey\AppData\Local\...}, fedcm:accounts: true, goog:chromeOptions: {debuggerAddress: localhost:53520}, networkConnectionEnabled: false, pageLoadStrategy: normal, platformName: windows, proxy: Proxy(), se:cdp: ws://localhost:53520/devtoo..., se:cdpVersion: 137.0.7151.104, setWindowRect: true, strictFileInteractability: false, timeouts: {implicit: 0, pageLoad: 300000, script: 30000}, unhandledPromptBehavior: dismiss and notify, webauthn:extension:credBlob: true, webauthn:extension:largeBlob: true, webauthn:extension:minPinLength: true, webauthn:extension:prf: true, webauthn:virtualAuthenticators: true}
Session ID: bfd4dfc624d71cf250e17dee3b9de448">
      <![CDATA[org.openqa.selenium.NoSuchElementException: no such element: Unable to locate element: {"method":"xpath","selector":"//div[text()="Showing results for 'Gin'"]"}
  (Session info: chrome=137.0.7151.104)
For documentation on this error, please visit: https://www.selenium.dev/documentation/webdriver/troubleshooting/errors#no-such-element-exception
Build info: version: '4.33.0', revision: '2c6aaad03a'
System info: os.name: 'Windows 10', os.arch: 'amd64', os.version: '10.0', java.version: '21.0.5'
Driver info: org.openqa.selenium.chrome.ChromeDriver
Command: [bfd4dfc624d71cf250e17dee3b9de448, findElement {using=xpath, value=//div[text()="Showing results for 'Gin'"]}]
Capabilities {acceptInsecureCerts: false, browserName: chrome, browserVersion: 137.0.7151.104, chrome: {chromedriverVersion: 137.0.7151.119 (e0ac9d12dff..., userDataDir: C:\Users\hey\AppData\Local\...}, fedcm:accounts: true, goog:chromeOptions: {debuggerAddress: localhost:53520}, networkConnectionEnabled: false, pageLoadStrategy: normal, platformName: windows, proxy: Proxy(), se:cdp: ws://localhost:53520/devtoo..., se:cdpVersion: 137.0.7151.104, setWindowRect: true, strictFileInteractability: false, timeouts: {implicit: 0, pageLoad: 300000, script: 30000}, unhandledPromptBehavior: dismiss and notify, webauthn:extension:credBlob: true, webauthn:extension:largeBlob: true, webauthn:extension:minPinLength: true, webauthn:extension:prf: true, webauthn:virtualAuthenticators: true}
Session ID: bfd4dfc624d71cf250e17dee3b9de448
at org.openqa.selenium.remote.ErrorCodec.decode(ErrorCodec.java:167)
at org.openqa.selenium.remote.codec.w3c.W3CHttpResponseCodec.decode(W3CHttpResponseCodec.java:138)
at org.openqa.selenium.remote.codec.w3c.W3CHttpResponseCodec.decode(W3CHttpResponseCodec.java:50)
at org.openqa.selenium.remote.HttpCommandExecutor.execute(HttpCommandExecutor.java:215)
at org.openqa.selenium.remote.service.DriverCommandExecutor.invokeExecute(DriverCommandExecutor.java:216)
at org.openqa.selenium.remote.service.DriverCommandExecutor.execute(DriverCommandExecutor.java:174)
at org.openqa.selenium.remote.RemoteWebDriver.execute(RemoteWebDriver.java:544)
at org.openqa.selenium.remote.ElementLocation$ElementFinder$2.findElement(ElementLocation.java:165)
at org.openqa.selenium.remote.ElementLocation.findElement(ElementLocation.java:59)
at org.openqa.selenium.remote.RemoteWebDriver.findElement(RemoteWebDriver.java:367)
at org.openqa.selenium.remote.RemoteWebDriver.findElement(RemoteWebDriver.java:361)
at Pages.GinPage.ginpagevalidation(GinPage.java:16)
at Test.TC_001_VerifyProductSearchTest.VerifyProductSearchTest(TC_001_VerifyProductSearchTest.java:24)
at java.base/java.util.ArrayList.forEach(ArrayList.java:1596)
... Removed 28 stack frames]]>
    </failure>
  </testcase> <!-- VerifyProductSearchTest -->
  <testcase classname="Test.TC_002_VerifySuccessfullFeedbackUpdateTest" name="VerifySuccessfullFeedbackUpdateTest" time="15.337">
    <failure type="org.openqa.selenium.NoSuchElementException" message="no such element: Unable to locate element: {&amp;quot;method&amp;quot;:&amp;quot;xpath&amp;quot;,&amp;quot;selector&amp;quot;:&amp;quot;//h6[text()=&amp;apos;Feedback&amp;apos;]&amp;quot;}
  (Session info: chrome=137.0.7151.104)
For documentation on this error, please visit: https://www.selenium.dev/documentation/webdriver/troubleshooting/errors#no-such-element-exception
Build info: version: &amp;apos;4.33.0&amp;apos;, revision: &amp;apos;2c6aaad03a&amp;apos;
System info: os.name: &amp;apos;Windows 10&amp;apos;, os.arch: &amp;apos;amd64&amp;apos;, os.version: &amp;apos;10.0&amp;apos;, java.version: &amp;apos;21.0.5&amp;apos;
Driver info: org.openqa.selenium.chrome.ChromeDriver
Command: [557c5aabf6671e4a771c892c479a216a, findElement {using=xpath, value=//h6[text()=&amp;apos;Feedback&amp;apos;]}]
Capabilities {acceptInsecureCerts: false, browserName: chrome, browserVersion: 137.0.7151.104, chrome: {chromedriverVersion: 137.0.7151.119 (e0ac9d12dff..., userDataDir: C:\Users\hey\AppData\Local\...}, fedcm:accounts: true, goog:chromeOptions: {debuggerAddress: localhost:53568}, networkConnectionEnabled: false, pageLoadStrategy: normal, platformName: windows, proxy: Proxy(), se:cdp: ws://localhost:53568/devtoo..., se:cdpVersion: 137.0.7151.104, setWindowRect: true, strictFileInteractability: false, timeouts: {implicit: 0, pageLoad: 300000, script: 30000}, unhandledPromptBehavior: dismiss and notify, webauthn:extension:credBlob: true, webauthn:extension:largeBlob: true, webauthn:extension:minPinLength: true, webauthn:extension:prf: true, webauthn:virtualAuthenticators: true}
Session ID: 557c5aabf6671e4a771c892c479a216a">
      <![CDATA[org.openqa.selenium.NoSuchElementException: no such element: Unable to locate element: {"method":"xpath","selector":"//h6[text()='Feedback']"}
  (Session info: chrome=137.0.7151.104)
For documentation on this error, please visit: https://www.selenium.dev/documentation/webdriver/troubleshooting/errors#no-such-element-exception
Build info: version: '4.33.0', revision: '2c6aaad03a'
System info: os.name: 'Windows 10', os.arch: 'amd64', os.version: '10.0', java.version: '21.0.5'
Driver info: org.openqa.selenium.chrome.ChromeDriver
Command: [557c5aabf6671e4a771c892c479a216a, findElement {using=xpath, value=//h6[text()='Feedback']}]
Capabilities {acceptInsecureCerts: false, browserName: chrome, browserVersion: 137.0.7151.104, chrome: {chromedriverVersion: 137.0.7151.119 (e0ac9d12dff..., userDataDir: C:\Users\hey\AppData\Local\...}, fedcm:accounts: true, goog:chromeOptions: {debuggerAddress: localhost:53568}, networkConnectionEnabled: false, pageLoadStrategy: normal, platformName: windows, proxy: Proxy(), se:cdp: ws://localhost:53568/devtoo..., se:cdpVersion: 137.0.7151.104, setWindowRect: true, strictFileInteractability: false, timeouts: {implicit: 0, pageLoad: 300000, script: 30000}, unhandledPromptBehavior: dismiss and notify, webauthn:extension:credBlob: true, webauthn:extension:largeBlob: true, webauthn:extension:minPinLength: true, webauthn:extension:prf: true, webauthn:virtualAuthenticators: true}
Session ID: 557c5aabf6671e4a771c892c479a216a
at org.openqa.selenium.remote.ErrorCodec.decode(ErrorCodec.java:167)
at org.openqa.selenium.remote.codec.w3c.W3CHttpResponseCodec.decode(W3CHttpResponseCodec.java:138)
at org.openqa.selenium.remote.codec.w3c.W3CHttpResponseCodec.decode(W3CHttpResponseCodec.java:50)
at org.openqa.selenium.remote.HttpCommandExecutor.execute(HttpCommandExecutor.java:215)
at org.openqa.selenium.remote.service.DriverCommandExecutor.invokeExecute(DriverCommandExecutor.java:216)
at org.openqa.selenium.remote.service.DriverCommandExecutor.execute(DriverCommandExecutor.java:174)
at org.openqa.selenium.remote.RemoteWebDriver.execute(RemoteWebDriver.java:544)
at org.openqa.selenium.remote.ElementLocation$ElementFinder$2.findElement(ElementLocation.java:165)
at org.openqa.selenium.remote.ElementLocation.findElement(ElementLocation.java:59)
at org.openqa.selenium.remote.RemoteWebDriver.findElement(RemoteWebDriver.java:367)
at org.openqa.selenium.remote.RemoteWebDriver.findElement(RemoteWebDriver.java:361)
at Pages.FeedbackPage.feedbacktest(FeedbackPage.java:19)
at Test.TC_002_VerifySuccessfullFeedbackUpdateTest.VerifySuccessfullFeedbackUpdateTest(TC_002_VerifySuccessfullFeedbackUpdateTest.java:24)
at java.base/java.util.ArrayList.forEach(ArrayList.java:1596)
... Removed 28 stack frames]]>
    </failure>
  </testcase> <!-- VerifySuccessfullFeedbackUpdateTest -->
  <testcase classname="Test.TC_003_VerifyNoUpdateMissingFieldTest" name="VerifyNoUpdateMissingFieldTest" time="0.528">
    <failure type="org.openqa.selenium.NoAlertPresentException" message="no such alert
  (Session info: chrome=137.0.7151.104)
Build info: version: &amp;apos;4.33.0&amp;apos;, revision: &amp;apos;2c6aaad03a&amp;apos;
System info: os.name: &amp;apos;Windows 10&amp;apos;, os.arch: &amp;apos;amd64&amp;apos;, os.version: &amp;apos;10.0&amp;apos;, java.version: &amp;apos;21.0.5&amp;apos;
Driver info: org.openqa.selenium.chrome.ChromeDriver
Command: [48225119bf5e1b2b0e6bc5ff02a35696, getAlertText {}]
Capabilities {acceptInsecureCerts: false, browserName: chrome, browserVersion: 137.0.7151.104, chrome: {chromedriverVersion: 137.0.7151.119 (e0ac9d12dff..., userDataDir: C:\Users\hey\AppData\Local\...}, fedcm:accounts: true, goog:chromeOptions: {debuggerAddress: localhost:53643}, networkConnectionEnabled: false, pageLoadStrategy: normal, platformName: windows, proxy: Proxy(), se:cdp: ws://localhost:53643/devtoo..., se:cdpVersion: 137.0.7151.104, setWindowRect: true, strictFileInteractability: false, timeouts: {implicit: 0, pageLoad: 300000, script: 30000}, unhandledPromptBehavior: dismiss and notify, webauthn:extension:credBlob: true, webauthn:extension:largeBlob: true, webauthn:extension:minPinLength: true, webauthn:extension:prf: true, webauthn:virtualAuthenticators: true}
Session ID: 48225119bf5e1b2b0e6bc5ff02a35696">
      <![CDATA[org.openqa.selenium.NoAlertPresentException: no such alert
  (Session info: chrome=137.0.7151.104)
Build info: version: '4.33.0', revision: '2c6aaad03a'
System info: os.name: 'Windows 10', os.arch: 'amd64', os.version: '10.0', java.version: '21.0.5'
Driver info: org.openqa.selenium.chrome.ChromeDriver
Command: [48225119bf5e1b2b0e6bc5ff02a35696, getAlertText {}]
Capabilities {acceptInsecureCerts: false, browserName: chrome, browserVersion: 137.0.7151.104, chrome: {chromedriverVersion: 137.0.7151.119 (e0ac9d12dff..., userDataDir: C:\Users\hey\AppData\Local\...}, fedcm:accounts: true, goog:chromeOptions: {debuggerAddress: localhost:53643}, networkConnectionEnabled: false, pageLoadStrategy: normal, platformName: windows, proxy: Proxy(), se:cdp: ws://localhost:53643/devtoo..., se:cdpVersion: 137.0.7151.104, setWindowRect: true, strictFileInteractability: false, timeouts: {implicit: 0, pageLoad: 300000, script: 30000}, unhandledPromptBehavior: dismiss and notify, webauthn:extension:credBlob: true, webauthn:extension:largeBlob: true, webauthn:extension:minPinLength: true, webauthn:extension:prf: true, webauthn:virtualAuthenticators: true}
Session ID: 48225119bf5e1b2b0e6bc5ff02a35696
at org.openqa.selenium.remote.ErrorCodec.decode(ErrorCodec.java:167)
at org.openqa.selenium.remote.codec.w3c.W3CHttpResponseCodec.decode(W3CHttpResponseCodec.java:138)
at org.openqa.selenium.remote.codec.w3c.W3CHttpResponseCodec.decode(W3CHttpResponseCodec.java:50)
at org.openqa.selenium.remote.HttpCommandExecutor.execute(HttpCommandExecutor.java:215)
at org.openqa.selenium.remote.service.DriverCommandExecutor.invokeExecute(DriverCommandExecutor.java:216)
at org.openqa.selenium.remote.service.DriverCommandExecutor.execute(DriverCommandExecutor.java:174)
at org.openqa.selenium.remote.RemoteWebDriver.execute(RemoteWebDriver.java:544)
at org.openqa.selenium.remote.RemoteWebDriver.execute(RemoteWebDriver.java:617)
at org.openqa.selenium.remote.RemoteWebDriver.execute(RemoteWebDriver.java:621)
at org.openqa.selenium.remote.RemoteWebDriver$RemoteTargetLocator.alert(RemoteWebDriver.java:1175)
at Pages.FeedbackPage.missedvaluefeedbacktest(FeedbackPage.java:50)
at Test.TC_003_VerifyNoUpdateMissingFieldTest.VerifyNoUpdateMissingFieldTest(TC_003_VerifyNoUpdateMissingFieldTest.java:24)
at java.base/java.util.ArrayList.forEach(ArrayList.java:1596)
... Removed 28 stack frames]]>
    </failure>
  </testcase> <!-- VerifyNoUpdateMissingFieldTest -->
  <testcase classname="Base.ProjectSpecificationMethods" name="@BeforeSuite ReportInitialization" time="0.0">
    <ignored/>
  </testcase> <!-- @BeforeSuite ReportInitialization -->
  <testcase classname="Base.ProjectSpecificationMethods" name="@BeforeSuite ReportInitialization" time="0.0">
    <ignored/>
  </testcase> <!-- @BeforeSuite ReportInitialization -->
  <testcase classname="Base.ProjectSpecificationMethods" name="@AfterSuite reportClose" time="0.0">
    <ignored/>
  </testcase> <!-- @AfterSuite reportClose -->
  <testcase classname="Base.ProjectSpecificationMethods" name="@AfterSuite reportClose" time="0.0">
    <ignored/>
  </testcase> <!-- @AfterSuite reportClose -->
</testsuite> <!-- Test -->
